2024-05-20 23:14:43.209801: I tensorflow/core/platform/cpu_feature_guard.cc:193] This TensorFlow binary is optimized with oneAPI Deep Neural Network Library (oneDNN) to use the following CPU instructions in performance-critical operations:  SSE4.1 SSE4.2 AVX AVX2 FMA
To enable them in other operations, rebuild TensorFlow with the appropriate compiler flags.
PhysicalDevice(name='/physical_device:GPU:0', device_type='GPU')
Traceback (most recent call last):
  File "/home/albert/Baikal/NuEnergy/start_experiment.py", line 17, in <module>
    model, history = launch_exp(EXPERIMENT_NAME, DESCRIPTION=DESCRIPTION, CONTINUE_TRAINING=CONTINUE_TRAINING)
  File "/home/albert/Baikal/NuEnergy/NNBlock/launcher.py", line 41, in launch_exp
    model, model_inp = model_from_config(MODEL_FUNC_NAME,
  File "/home/albert/Baikal/NuEnergy/NNBlock/load_from_config.py", line 32, in model_from_config
    enc_dict = yaml.safe_load(Path(enc_path).read_text())
  File "/home/albert/Baikal/NuEnergy/venvNE/lib/python3.10/site-packages/yaml/__init__.py", line 125, in safe_load
    return load(stream, SafeLoader)
  File "/home/albert/Baikal/NuEnergy/venvNE/lib/python3.10/site-packages/yaml/__init__.py", line 81, in load
    return loader.get_single_data()
  File "/home/albert/Baikal/NuEnergy/venvNE/lib/python3.10/site-packages/yaml/constructor.py", line 49, in get_single_data
    node = self.get_single_node()
  File "/home/albert/Baikal/NuEnergy/venvNE/lib/python3.10/site-packages/yaml/composer.py", line 36, in get_single_node
    document = self.compose_document()
  File "/home/albert/Baikal/NuEnergy/venvNE/lib/python3.10/site-packages/yaml/composer.py", line 55, in compose_document
    node = self.compose_node(None, None)
  File "/home/albert/Baikal/NuEnergy/venvNE/lib/python3.10/site-packages/yaml/composer.py", line 84, in compose_node
    node = self.compose_mapping_node(anchor)
  File "/home/albert/Baikal/NuEnergy/venvNE/lib/python3.10/site-packages/yaml/composer.py", line 133, in compose_mapping_node
    item_value = self.compose_node(node, item_key)
  File "/home/albert/Baikal/NuEnergy/venvNE/lib/python3.10/site-packages/yaml/composer.py", line 82, in compose_node
    node = self.compose_sequence_node(anchor)
  File "/home/albert/Baikal/NuEnergy/venvNE/lib/python3.10/site-packages/yaml/composer.py", line 110, in compose_sequence_node
    while not self.check_event(SequenceEndEvent):
  File "/home/albert/Baikal/NuEnergy/venvNE/lib/python3.10/site-packages/yaml/parser.py", line 98, in check_event
    self.current_event = self.state()
  File "/home/albert/Baikal/NuEnergy/venvNE/lib/python3.10/site-packages/yaml/parser.py", line 392, in parse_block_sequence_entry
    raise ParserError("while parsing a block collection", self.marks[-1],
yaml.parser.ParserError: while parsing a block collection
  in "<unicode string>", line 82, column 2:
     - {units: 64,
     ^
expected <block end>, but found '<block sequence start>'
  in "<unicode string>", line 88, column 3:
      - {units: 64,
      ^
