2024-06-02 22:09:31.868262: I tensorflow/core/platform/cpu_feature_guard.cc:193] This TensorFlow binary is optimized with oneAPI Deep Neural Network Library (oneDNN) to use the following CPU instructions in performance-critical operations:  SSE4.1 SSE4.2 AVX AVX2 FMA
To enable them in other operations, rebuild TensorFlow with the appropriate compiler flags.
2024-06-02 22:09:33.765340: I tensorflow/core/platform/cpu_feature_guard.cc:193] This TensorFlow binary is optimized with oneAPI Deep Neural Network Library (oneDNN) to use the following CPU instructions in performance-critical operations:  SSE4.1 SSE4.2 AVX AVX2 FMA
To enable them in other operations, rebuild TensorFlow with the appropriate compiler flags.
2024-06-02 22:09:33.837621: I tensorflow/core/common_runtime/gpu/gpu_device.cc:1613] Created device /job:localhost/replica:0/task:0/device:GPU:0 with 22455 MB memory:  -> device: 0, name: NVIDIA GeForce RTX 3090, pci bus id: 0000:44:00.0, compute capability: 8.6
PhysicalDevice(name='/physical_device:GPU:0', device_type='GPU')
Model: "two_tapes_model"
_________________________________________________________________
 Layer (type)                Output Shape              Param #   
=================================================================
 encoder_block (EncoderBlock  multiple                 197564    
 )                                                               
                                                                 
 dense_regression (DenseRegr  multiple                 87041     
 ession)                                                         
                                                                 
 dense_regression_1 (DenseRe  multiple                 87041     
 gression)                                                       
                                                                 
=================================================================
Total params: 371,650
Trainable params: 368,928
Non-trainable params: 2,722
_________________________________________________________________
WARNING:tensorflow:Gradients do not exist for variables ['encoder_block/transformer_enc_layer/dense_block/dense/kernel:0', 'encoder_block/transformer_enc_layer/dense_block/dense/bias:0'] when minimizing the loss. If you're using `model.compile()`, did you forget to provide a `loss` argument?
WARNING:tensorflow:Gradients do not exist for variables ['encoder_block/transformer_enc_layer/dense_block/dense/kernel:0', 'encoder_block/transformer_enc_layer/dense_block/dense/bias:0'] when minimizing the loss. If you're using `model.compile()`, did you forget to provide a `loss` argument?
WARNING:tensorflow:Gradients do not exist for variables ['encoder_block/transformer_enc_layer/dense_block/dense/kernel:0', 'encoder_block/transformer_enc_layer/dense_block/dense/bias:0'] when minimizing the loss. If you're using `model.compile()`, did you forget to provide a `loss` argument?
WARNING:tensorflow:Gradients do not exist for variables ['encoder_block/transformer_enc_layer/dense_block/dense/kernel:0', 'encoder_block/transformer_enc_layer/dense_block/dense/bias:0'] when minimizing the loss. If you're using `model.compile()`, did you forget to provide a `loss` argument?
2024-06-02 22:09:38.307328: I tensorflow/compiler/xla/stream_executor/cuda/cuda_blas.cc:630] TensorFloat-32 will be used for the matrix multiplication. This will only be logged once.
2024-06-02 22:09:38.323064: I tensorflow/compiler/xla/service/service.cc:173] XLA service 0x7fd91e14dbc0 initialized for platform CUDA (this does not guarantee that XLA will be used). Devices:
2024-06-02 22:09:38.323106: I tensorflow/compiler/xla/service/service.cc:181]   StreamExecutor device (0): NVIDIA GeForce RTX 3090, Compute Capability 8.6
2024-06-02 22:09:38.327693: I tensorflow/compiler/mlir/tensorflow/utils/dump_mlir_util.cc:268] disabling MLIR crash reproducer, set env var `MLIR_CRASH_REPRODUCER_DIRECTORY` to enable.
2024-06-02 22:09:38.410388: W tensorflow/compiler/xla/stream_executor/gpu/asm_compiler.cc:115] *** WARNING *** You are using ptxas 10.1.243, which is older than 11.1. ptxas before 11.1 is known to miscompile XLA code, leading to incorrect results or invalid-address errors.

You may not need to update to CUDA 11.1; cherry-picking the ptxas binary is often sufficient.
2024-06-02 22:09:38.412230: W tensorflow/compiler/xla/stream_executor/gpu/asm_compiler.cc:234] Falling back to the CUDA driver for PTX compilation; ptxas does not support CC 8.6
2024-06-02 22:09:38.412284: W tensorflow/compiler/xla/stream_executor/gpu/asm_compiler.cc:237] Used ptxas at ptxas
2024-06-02 22:09:38.413551: I tensorflow/compiler/jit/xla_compilation_cache.cc:477] Compiled cluster using XLA!  This line is logged at most once for the lifetime of the process.
2024-06-02 22:09:38.489040: W tensorflow/compiler/xla/stream_executor/gpu/asm_compiler.cc:115] *** WARNING *** You are using ptxas 10.1.243, which is older than 11.1. ptxas before 11.1 is known to miscompile XLA code, leading to incorrect results or invalid-address errors.

You may not need to update to CUDA 11.1; cherry-picking the ptxas binary is often sufficient.
2024-06-02 22:09:38.791974: W tensorflow/compiler/xla/stream_executor/gpu/asm_compiler.cc:115] *** WARNING *** You are using ptxas 10.1.243, which is older than 11.1. ptxas before 11.1 is known to miscompile XLA code, leading to incorrect results or invalid-address errors.

You may not need to update to CUDA 11.1; cherry-picking the ptxas binary is often sufficient.
2024-06-02 22:09:39.021477: W tensorflow/compiler/xla/stream_executor/gpu/asm_compiler.cc:115] *** WARNING *** You are using ptxas 10.1.243, which is older than 11.1. ptxas before 11.1 is known to miscompile XLA code, leading to incorrect results or invalid-address errors.

You may not need to update to CUDA 11.1; cherry-picking the ptxas binary is often sufficient.
2024-06-02 22:09:39.564461: W tensorflow/compiler/xla/stream_executor/gpu/asm_compiler.cc:115] *** WARNING *** You are using ptxas 10.1.243, which is older than 11.1. ptxas before 11.1 is known to miscompile XLA code, leading to incorrect results or invalid-address errors.

You may not need to update to CUDA 11.1; cherry-picking the ptxas binary is often sufficient.
2024-06-02 22:09:40.025173: W tensorflow/compiler/xla/stream_executor/gpu/asm_compiler.cc:115] *** WARNING *** You are using ptxas 10.1.243, which is older than 11.1. ptxas before 11.1 is known to miscompile XLA code, leading to incorrect results or invalid-address errors.

You may not need to update to CUDA 11.1; cherry-picking the ptxas binary is often sufficient.
2024-06-02 22:09:40.493791: W tensorflow/compiler/xla/stream_executor/gpu/asm_compiler.cc:115] *** WARNING *** You are using ptxas 10.1.243, which is older than 11.1. ptxas before 11.1 is known to miscompile XLA code, leading to incorrect results or invalid-address errors.

You may not need to update to CUDA 11.1; cherry-picking the ptxas binary is often sufficient.
2024-06-02 22:09:40.874240: W tensorflow/compiler/xla/stream_executor/gpu/asm_compiler.cc:115] *** WARNING *** You are using ptxas 10.1.243, which is older than 11.1. ptxas before 11.1 is known to miscompile XLA code, leading to incorrect results or invalid-address errors.

You may not need to update to CUDA 11.1; cherry-picking the ptxas binary is often sufficient.
2024-06-02 22:09:40.966408: W tensorflow/compiler/xla/stream_executor/gpu/asm_compiler.cc:115] *** WARNING *** You are using ptxas 10.1.243, which is older than 11.1. ptxas before 11.1 is known to miscompile XLA code, leading to incorrect results or invalid-address errors.

You may not need to update to CUDA 11.1; cherry-picking the ptxas binary is often sufficient.
2024-06-02 22:09:41.080093: W tensorflow/compiler/xla/stream_executor/gpu/asm_compiler.cc:115] *** WARNING *** You are using ptxas 10.1.243, which is older than 11.1. ptxas before 11.1 is known to miscompile XLA code, leading to incorrect results or invalid-address errors.

You may not need to update to CUDA 11.1; cherry-picking the ptxas binary is often sufficient.
2024-06-02 22:09:41.397547: W tensorflow/compiler/xla/stream_executor/gpu/asm_compiler.cc:115] *** WARNING *** You are using ptxas 10.1.243, which is older than 11.1. ptxas before 11.1 is known to miscompile XLA code, leading to incorrect results or invalid-address errors.

You may not need to update to CUDA 11.1; cherry-picking the ptxas binary is often sufficient.
2024-06-02 22:09:41.573963: W tensorflow/compiler/xla/stream_executor/gpu/asm_compiler.cc:115] *** WARNING *** You are using ptxas 10.1.243, which is older than 11.1. ptxas before 11.1 is known to miscompile XLA code, leading to incorrect results or invalid-address errors.

You may not need to update to CUDA 11.1; cherry-picking the ptxas binary is often sufficient.
2024-06-02 22:09:41.737268: W tensorflow/compiler/xla/stream_executor/gpu/asm_compiler.cc:115] *** WARNING *** You are using ptxas 10.1.243, which is older than 11.1. ptxas before 11.1 is known to miscompile XLA code, leading to incorrect results or invalid-address errors.

You may not need to update to CUDA 11.1; cherry-picking the ptxas binary is often sufficient.
