2024-05-03 14:41:35.055073: I tensorflow/core/platform/cpu_feature_guard.cc:193] This TensorFlow binary is optimized with oneAPI Deep Neural Network Library (oneDNN) to use the following CPU instructions in performance-critical operations:  SSE4.1 SSE4.2 AVX AVX2 FMA
To enable them in other operations, rebuild TensorFlow with the appropriate compiler flags.
2024-05-03 14:41:36.713477: I tensorflow/core/platform/cpu_feature_guard.cc:193] This TensorFlow binary is optimized with oneAPI Deep Neural Network Library (oneDNN) to use the following CPU instructions in performance-critical operations:  SSE4.1 SSE4.2 AVX AVX2 FMA
To enable them in other operations, rebuild TensorFlow with the appropriate compiler flags.
2024-05-03 14:41:36.787036: I tensorflow/core/common_runtime/gpu/gpu_device.cc:1613] Created device /job:localhost/replica:0/task:0/device:GPU:0 with 13978 MB memory:  -> device: 0, name: NVIDIA GeForce RTX 3090, pci bus id: 0000:21:00.0, compute capability: 8.6
PhysicalDevice(name='/physical_device:GPU:0', device_type='GPU')
Model: "two_tapes_model"
_________________________________________________________________
 Layer (type)                Output Shape              Param #   
=================================================================
 encoder_block (EncoderBlock  multiple                 1202816   
 )                                                               
                                                                 
 dense_regression (DenseRegr  multiple                 149121    
 ession)                                                         
                                                                 
 dense_regression_1 (DenseRe  multiple                 149121    
 gression)                                                       
                                                                 
=================================================================
Total params: 1,501,062
Trainable params: 1,496,450
Non-trainable params: 4,612
_________________________________________________________________
2024-05-03 14:41:42.491803: I tensorflow/compiler/xla/stream_executor/cuda/cuda_dnn.cc:428] Loaded cuDNN version 8907
2024-05-03 14:41:42.588240: W tensorflow/compiler/xla/stream_executor/gpu/asm_compiler.cc:115] *** WARNING *** You are using ptxas 10.1.243, which is older than 11.1. ptxas before 11.1 is known to miscompile XLA code, leading to incorrect results or invalid-address errors.

You may not need to update to CUDA 11.1; cherry-picking the ptxas binary is often sufficient.
2024-05-03 14:41:42.590444: W tensorflow/compiler/xla/stream_executor/gpu/asm_compiler.cc:234] Falling back to the CUDA driver for PTX compilation; ptxas does not support CC 8.6
2024-05-03 14:41:42.590463: W tensorflow/compiler/xla/stream_executor/gpu/asm_compiler.cc:237] Used ptxas at ptxas
2024-05-03 14:41:42.590510: W tensorflow/compiler/xla/stream_executor/gpu/redzone_allocator.cc:318] UNIMPLEMENTED: ptxas ptxas too old. Falling back to the driver to compile.
Relying on driver to perform ptx compilation. 
Modify $PATH to customize ptxas location.
This message will be only logged once.
2024-05-03 14:41:42.895308: I tensorflow/compiler/xla/stream_executor/cuda/cuda_blas.cc:630] TensorFloat-32 will be used for the matrix multiplication. This will only be logged once.
2024-05-03 14:41:42.930100: I tensorflow/compiler/xla/service/service.cc:173] XLA service 0x7fdfef1e8e30 initialized for platform CUDA (this does not guarantee that XLA will be used). Devices:
2024-05-03 14:41:42.930182: I tensorflow/compiler/xla/service/service.cc:181]   StreamExecutor device (0): NVIDIA GeForce RTX 3090, Compute Capability 8.6
2024-05-03 14:41:42.937796: I tensorflow/compiler/mlir/tensorflow/utils/dump_mlir_util.cc:268] disabling MLIR crash reproducer, set env var `MLIR_CRASH_REPRODUCER_DIRECTORY` to enable.
2024-05-03 14:41:43.021579: W tensorflow/compiler/xla/stream_executor/gpu/asm_compiler.cc:115] *** WARNING *** You are using ptxas 10.1.243, which is older than 11.1. ptxas before 11.1 is known to miscompile XLA code, leading to incorrect results or invalid-address errors.

You may not need to update to CUDA 11.1; cherry-picking the ptxas binary is often sufficient.
2024-05-03 14:41:43.026694: I tensorflow/compiler/jit/xla_compilation_cache.cc:477] Compiled cluster using XLA!  This line is logged at most once for the lifetime of the process.
2024-05-03 14:41:43.099389: W tensorflow/compiler/xla/stream_executor/gpu/asm_compiler.cc:115] *** WARNING *** You are using ptxas 10.1.243, which is older than 11.1. ptxas before 11.1 is known to miscompile XLA code, leading to incorrect results or invalid-address errors.

You may not need to update to CUDA 11.1; cherry-picking the ptxas binary is often sufficient.
2024-05-03 14:41:43.386210: W tensorflow/compiler/xla/stream_executor/gpu/asm_compiler.cc:115] *** WARNING *** You are using ptxas 10.1.243, which is older than 11.1. ptxas before 11.1 is known to miscompile XLA code, leading to incorrect results or invalid-address errors.

You may not need to update to CUDA 11.1; cherry-picking the ptxas binary is often sufficient.
2024-05-03 14:41:43.608274: W tensorflow/compiler/xla/stream_executor/gpu/asm_compiler.cc:115] *** WARNING *** You are using ptxas 10.1.243, which is older than 11.1. ptxas before 11.1 is known to miscompile XLA code, leading to incorrect results or invalid-address errors.

You may not need to update to CUDA 11.1; cherry-picking the ptxas binary is often sufficient.
2024-05-03 14:41:44.420593: W tensorflow/compiler/xla/stream_executor/gpu/asm_compiler.cc:115] *** WARNING *** You are using ptxas 10.1.243, which is older than 11.1. ptxas before 11.1 is known to miscompile XLA code, leading to incorrect results or invalid-address errors.

You may not need to update to CUDA 11.1; cherry-picking the ptxas binary is often sufficient.
2024-05-03 14:41:45.827913: W tensorflow/compiler/xla/stream_executor/gpu/asm_compiler.cc:115] *** WARNING *** You are using ptxas 10.1.243, which is older than 11.1. ptxas before 11.1 is known to miscompile XLA code, leading to incorrect results or invalid-address errors.

You may not need to update to CUDA 11.1; cherry-picking the ptxas binary is often sufficient.
WARNING:absl:Found untraced functions such as _update_step_xla, dense_block_layer_call_fn, dense_block_layer_call_and_return_conditional_losses, dense_block_1_layer_call_fn, dense_block_1_layer_call_and_return_conditional_losses while saving (showing 5 of 95). These functions will not be directly callable after loading.
WARNING:tensorflow:`evaluate()` received a value for `sample_weight`, but `weighted_metrics` were not provided.  Did you mean to pass metrics to `weighted_metrics` in `compile()`?  If this is intentional you can pass `weighted_metrics=[]` to `compile()` in order to silence this warning.
WARNING:tensorflow:`evaluate()` received a value for `sample_weight`, but `weighted_metrics` were not provided.  Did you mean to pass metrics to `weighted_metrics` in `compile()`?  If this is intentional you can pass `weighted_metrics=[]` to `compile()` in order to silence this warning.
WARNING:absl:Found untraced functions such as _update_step_xla, dense_block_layer_call_fn, dense_block_layer_call_and_return_conditional_losses, dense_block_1_layer_call_fn, dense_block_1_layer_call_and_return_conditional_losses while saving (showing 5 of 95). These functions will not be directly callable after loading.
WARNING:absl:Found untraced functions such as _update_step_xla, dense_block_layer_call_fn, dense_block_layer_call_and_return_conditional_losses, dense_block_1_layer_call_fn, dense_block_1_layer_call_and_return_conditional_losses while saving (showing 5 of 95). These functions will not be directly callable after loading.
WARNING:tensorflow:`evaluate()` received a value for `sample_weight`, but `weighted_metrics` were not provided.  Did you mean to pass metrics to `weighted_metrics` in `compile()`?  If this is intentional you can pass `weighted_metrics=[]` to `compile()` in order to silence this warning.
WARNING:tensorflow:`evaluate()` received a value for `sample_weight`, but `weighted_metrics` were not provided.  Did you mean to pass metrics to `weighted_metrics` in `compile()`?  If this is intentional you can pass `weighted_metrics=[]` to `compile()` in order to silence this warning.
WARNING:absl:Found untraced functions such as _update_step_xla, dense_block_layer_call_fn, dense_block_layer_call_and_return_conditional_losses, dense_block_1_layer_call_fn, dense_block_1_layer_call_and_return_conditional_losses while saving (showing 5 of 95). These functions will not be directly callable after loading.
WARNING:absl:Found untraced functions such as _update_step_xla, dense_block_layer_call_fn, dense_block_layer_call_and_return_conditional_losses, dense_block_1_layer_call_fn, dense_block_1_layer_call_and_return_conditional_losses while saving (showing 5 of 95). These functions will not be directly callable after loading.
WARNING:tensorflow:`evaluate()` received a value for `sample_weight`, but `weighted_metrics` were not provided.  Did you mean to pass metrics to `weighted_metrics` in `compile()`?  If this is intentional you can pass `weighted_metrics=[]` to `compile()` in order to silence this warning.
WARNING:tensorflow:`evaluate()` received a value for `sample_weight`, but `weighted_metrics` were not provided.  Did you mean to pass metrics to `weighted_metrics` in `compile()`?  If this is intentional you can pass `weighted_metrics=[]` to `compile()` in order to silence this warning.
WARNING:absl:Found untraced functions such as _update_step_xla, dense_block_layer_call_fn, dense_block_layer_call_and_return_conditional_losses, dense_block_1_layer_call_fn, dense_block_1_layer_call_and_return_conditional_losses while saving (showing 5 of 95). These functions will not be directly callable after loading.
WARNING:absl:Found untraced functions such as _update_step_xla, dense_block_layer_call_fn, dense_block_layer_call_and_return_conditional_losses, dense_block_1_layer_call_fn, dense_block_1_layer_call_and_return_conditional_losses while saving (showing 5 of 95). These functions will not be directly callable after loading.
WARNING:tensorflow:`evaluate()` received a value for `sample_weight`, but `weighted_metrics` were not provided.  Did you mean to pass metrics to `weighted_metrics` in `compile()`?  If this is intentional you can pass `weighted_metrics=[]` to `compile()` in order to silence this warning.
WARNING:tensorflow:`evaluate()` received a value for `sample_weight`, but `weighted_metrics` were not provided.  Did you mean to pass metrics to `weighted_metrics` in `compile()`?  If this is intentional you can pass `weighted_metrics=[]` to `compile()` in order to silence this warning.
WARNING:absl:Found untraced functions such as _update_step_xla, dense_block_layer_call_fn, dense_block_layer_call_and_return_conditional_losses, dense_block_1_layer_call_fn, dense_block_1_layer_call_and_return_conditional_losses while saving (showing 5 of 95). These functions will not be directly callable after loading.
WARNING:absl:Found untraced functions such as _update_step_xla, dense_block_layer_call_fn, dense_block_layer_call_and_return_conditional_losses, dense_block_1_layer_call_fn, dense_block_1_layer_call_and_return_conditional_losses while saving (showing 5 of 95). These functions will not be directly callable after loading.
WARNING:tensorflow:`evaluate()` received a value for `sample_weight`, but `weighted_metrics` were not provided.  Did you mean to pass metrics to `weighted_metrics` in `compile()`?  If this is intentional you can pass `weighted_metrics=[]` to `compile()` in order to silence this warning.
WARNING:tensorflow:`evaluate()` received a value for `sample_weight`, but `weighted_metrics` were not provided.  Did you mean to pass metrics to `weighted_metrics` in `compile()`?  If this is intentional you can pass `weighted_metrics=[]` to `compile()` in order to silence this warning.
WARNING:absl:Found untraced functions such as _update_step_xla, dense_block_layer_call_fn, dense_block_layer_call_and_return_conditional_losses, dense_block_1_layer_call_fn, dense_block_1_layer_call_and_return_conditional_losses while saving (showing 5 of 95). These functions will not be directly callable after loading.
WARNING:absl:Found untraced functions such as _update_step_xla, dense_block_layer_call_fn, dense_block_layer_call_and_return_conditional_losses, dense_block_1_layer_call_fn, dense_block_1_layer_call_and_return_conditional_losses while saving (showing 5 of 95). These functions will not be directly callable after loading.
WARNING:tensorflow:`evaluate()` received a value for `sample_weight`, but `weighted_metrics` were not provided.  Did you mean to pass metrics to `weighted_metrics` in `compile()`?  If this is intentional you can pass `weighted_metrics=[]` to `compile()` in order to silence this warning.
WARNING:tensorflow:`evaluate()` received a value for `sample_weight`, but `weighted_metrics` were not provided.  Did you mean to pass metrics to `weighted_metrics` in `compile()`?  If this is intentional you can pass `weighted_metrics=[]` to `compile()` in order to silence this warning.
WARNING:absl:Found untraced functions such as _update_step_xla, dense_block_layer_call_fn, dense_block_layer_call_and_return_conditional_losses, dense_block_1_layer_call_fn, dense_block_1_layer_call_and_return_conditional_losses while saving (showing 5 of 95). These functions will not be directly callable after loading.
WARNING:tensorflow:`evaluate()` received a value for `sample_weight`, but `weighted_metrics` were not provided.  Did you mean to pass metrics to `weighted_metrics` in `compile()`?  If this is intentional you can pass `weighted_metrics=[]` to `compile()` in order to silence this warning.
WARNING:tensorflow:`evaluate()` received a value for `sample_weight`, but `weighted_metrics` were not provided.  Did you mean to pass metrics to `weighted_metrics` in `compile()`?  If this is intentional you can pass `weighted_metrics=[]` to `compile()` in order to silence this warning.
WARNING:absl:Found untraced functions such as _update_step_xla, dense_block_layer_call_fn, dense_block_layer_call_and_return_conditional_losses, dense_block_1_layer_call_fn, dense_block_1_layer_call_and_return_conditional_losses while saving (showing 5 of 95). These functions will not be directly callable after loading.
WARNING:absl:Found untraced functions such as _update_step_xla, dense_block_layer_call_fn, dense_block_layer_call_and_return_conditional_losses, dense_block_1_layer_call_fn, dense_block_1_layer_call_and_return_conditional_losses while saving (showing 5 of 95). These functions will not be directly callable after loading.
WARNING:tensorflow:`evaluate()` received a value for `sample_weight`, but `weighted_metrics` were not provided.  Did you mean to pass metrics to `weighted_metrics` in `compile()`?  If this is intentional you can pass `weighted_metrics=[]` to `compile()` in order to silence this warning.
WARNING:tensorflow:`evaluate()` received a value for `sample_weight`, but `weighted_metrics` were not provided.  Did you mean to pass metrics to `weighted_metrics` in `compile()`?  If this is intentional you can pass `weighted_metrics=[]` to `compile()` in order to silence this warning.
WARNING:absl:Found untraced functions such as _update_step_xla, dense_block_layer_call_fn, dense_block_layer_call_and_return_conditional_losses, dense_block_1_layer_call_fn, dense_block_1_layer_call_and_return_conditional_losses while saving (showing 5 of 95). These functions will not be directly callable after loading.
WARNING:absl:Found untraced functions such as _update_step_xla, dense_block_layer_call_fn, dense_block_layer_call_and_return_conditional_losses, dense_block_1_layer_call_fn, dense_block_1_layer_call_and_return_conditional_losses while saving (showing 5 of 95). These functions will not be directly callable after loading.
WARNING:tensorflow:`evaluate()` received a value for `sample_weight`, but `weighted_metrics` were not provided.  Did you mean to pass metrics to `weighted_metrics` in `compile()`?  If this is intentional you can pass `weighted_metrics=[]` to `compile()` in order to silence this warning.
WARNING:tensorflow:`evaluate()` received a value for `sample_weight`, but `weighted_metrics` were not provided.  Did you mean to pass metrics to `weighted_metrics` in `compile()`?  If this is intentional you can pass `weighted_metrics=[]` to `compile()` in order to silence this warning.
WARNING:absl:Found untraced functions such as _update_step_xla, dense_block_layer_call_fn, dense_block_layer_call_and_return_conditional_losses, dense_block_1_layer_call_fn, dense_block_1_layer_call_and_return_conditional_losses while saving (showing 5 of 95). These functions will not be directly callable after loading.
WARNING:absl:Found untraced functions such as _update_step_xla, dense_block_layer_call_fn, dense_block_layer_call_and_return_conditional_losses, dense_block_1_layer_call_fn, dense_block_1_layer_call_and_return_conditional_losses while saving (showing 5 of 95). These functions will not be directly callable after loading.
WARNING:tensorflow:`evaluate()` received a value for `sample_weight`, but `weighted_metrics` were not provided.  Did you mean to pass metrics to `weighted_metrics` in `compile()`?  If this is intentional you can pass `weighted_metrics=[]` to `compile()` in order to silence this warning.
WARNING:tensorflow:`evaluate()` received a value for `sample_weight`, but `weighted_metrics` were not provided.  Did you mean to pass metrics to `weighted_metrics` in `compile()`?  If this is intentional you can pass `weighted_metrics=[]` to `compile()` in order to silence this warning.
WARNING:absl:Found untraced functions such as _update_step_xla, dense_block_layer_call_fn, dense_block_layer_call_and_return_conditional_losses, dense_block_1_layer_call_fn, dense_block_1_layer_call_and_return_conditional_losses while saving (showing 5 of 95). These functions will not be directly callable after loading.
WARNING:absl:Found untraced functions such as _update_step_xla, dense_block_layer_call_fn, dense_block_layer_call_and_return_conditional_losses, dense_block_1_layer_call_fn, dense_block_1_layer_call_and_return_conditional_losses while saving (showing 5 of 95). These functions will not be directly callable after loading.
WARNING:tensorflow:`evaluate()` received a value for `sample_weight`, but `weighted_metrics` were not provided.  Did you mean to pass metrics to `weighted_metrics` in `compile()`?  If this is intentional you can pass `weighted_metrics=[]` to `compile()` in order to silence this warning.
WARNING:tensorflow:`evaluate()` received a value for `sample_weight`, but `weighted_metrics` were not provided.  Did you mean to pass metrics to `weighted_metrics` in `compile()`?  If this is intentional you can pass `weighted_metrics=[]` to `compile()` in order to silence this warning.
WARNING:absl:Found untraced functions such as _update_step_xla, dense_block_layer_call_fn, dense_block_layer_call_and_return_conditional_losses, dense_block_1_layer_call_fn, dense_block_1_layer_call_and_return_conditional_losses while saving (showing 5 of 95). These functions will not be directly callable after loading.
WARNING:absl:Found untraced functions such as _update_step_xla, dense_block_layer_call_fn, dense_block_layer_call_and_return_conditional_losses, dense_block_1_layer_call_fn, dense_block_1_layer_call_and_return_conditional_losses while saving (showing 5 of 95). These functions will not be directly callable after loading.
WARNING:tensorflow:`evaluate()` received a value for `sample_weight`, but `weighted_metrics` were not provided.  Did you mean to pass metrics to `weighted_metrics` in `compile()`?  If this is intentional you can pass `weighted_metrics=[]` to `compile()` in order to silence this warning.
WARNING:tensorflow:`evaluate()` received a value for `sample_weight`, but `weighted_metrics` were not provided.  Did you mean to pass metrics to `weighted_metrics` in `compile()`?  If this is intentional you can pass `weighted_metrics=[]` to `compile()` in order to silence this warning.
WARNING:absl:Found untraced functions such as _update_step_xla, dense_block_layer_call_fn, dense_block_layer_call_and_return_conditional_losses, dense_block_1_layer_call_fn, dense_block_1_layer_call_and_return_conditional_losses while saving (showing 5 of 95). These functions will not be directly callable after loading.
WARNING:absl:Found untraced functions such as _update_step_xla, dense_block_layer_call_fn, dense_block_layer_call_and_return_conditional_losses, dense_block_1_layer_call_fn, dense_block_1_layer_call_and_return_conditional_losses while saving (showing 5 of 95). These functions will not be directly callable after loading.
WARNING:tensorflow:`evaluate()` received a value for `sample_weight`, but `weighted_metrics` were not provided.  Did you mean to pass metrics to `weighted_metrics` in `compile()`?  If this is intentional you can pass `weighted_metrics=[]` to `compile()` in order to silence this warning.
WARNING:tensorflow:`evaluate()` received a value for `sample_weight`, but `weighted_metrics` were not provided.  Did you mean to pass metrics to `weighted_metrics` in `compile()`?  If this is intentional you can pass `weighted_metrics=[]` to `compile()` in order to silence this warning.
WARNING:absl:Found untraced functions such as _update_step_xla, dense_block_layer_call_fn, dense_block_layer_call_and_return_conditional_losses, dense_block_1_layer_call_fn, dense_block_1_layer_call_and_return_conditional_losses while saving (showing 5 of 95). These functions will not be directly callable after loading.
WARNING:absl:Found untraced functions such as _update_step_xla, dense_block_layer_call_fn, dense_block_layer_call_and_return_conditional_losses, dense_block_1_layer_call_fn, dense_block_1_layer_call_and_return_conditional_losses while saving (showing 5 of 95). These functions will not be directly callable after loading.
WARNING:tensorflow:`evaluate()` received a value for `sample_weight`, but `weighted_metrics` were not provided.  Did you mean to pass metrics to `weighted_metrics` in `compile()`?  If this is intentional you can pass `weighted_metrics=[]` to `compile()` in order to silence this warning.
WARNING:tensorflow:`evaluate()` received a value for `sample_weight`, but `weighted_metrics` were not provided.  Did you mean to pass metrics to `weighted_metrics` in `compile()`?  If this is intentional you can pass `weighted_metrics=[]` to `compile()` in order to silence this warning.
WARNING:absl:Found untraced functions such as _update_step_xla, dense_block_layer_call_fn, dense_block_layer_call_and_return_conditional_losses, dense_block_1_layer_call_fn, dense_block_1_layer_call_and_return_conditional_losses while saving (showing 5 of 95). These functions will not be directly callable after loading.
WARNING:absl:Found untraced functions such as _update_step_xla, dense_block_layer_call_fn, dense_block_layer_call_and_return_conditional_losses, dense_block_1_layer_call_fn, dense_block_1_layer_call_and_return_conditional_losses while saving (showing 5 of 95). These functions will not be directly callable after loading.
WARNING:tensorflow:`evaluate()` received a value for `sample_weight`, but `weighted_metrics` were not provided.  Did you mean to pass metrics to `weighted_metrics` in `compile()`?  If this is intentional you can pass `weighted_metrics=[]` to `compile()` in order to silence this warning.
WARNING:tensorflow:`evaluate()` received a value for `sample_weight`, but `weighted_metrics` were not provided.  Did you mean to pass metrics to `weighted_metrics` in `compile()`?  If this is intentional you can pass `weighted_metrics=[]` to `compile()` in order to silence this warning.
WARNING:absl:Found untraced functions such as _update_step_xla, dense_block_layer_call_fn, dense_block_layer_call_and_return_conditional_losses, dense_block_1_layer_call_fn, dense_block_1_layer_call_and_return_conditional_losses while saving (showing 5 of 95). These functions will not be directly callable after loading.
WARNING:absl:Found untraced functions such as _update_step_xla, dense_block_layer_call_fn, dense_block_layer_call_and_return_conditional_losses, dense_block_1_layer_call_fn, dense_block_1_layer_call_and_return_conditional_losses while saving (showing 5 of 95). These functions will not be directly callable after loading.
WARNING:tensorflow:`evaluate()` received a value for `sample_weight`, but `weighted_metrics` were not provided.  Did you mean to pass metrics to `weighted_metrics` in `compile()`?  If this is intentional you can pass `weighted_metrics=[]` to `compile()` in order to silence this warning.
WARNING:tensorflow:`evaluate()` received a value for `sample_weight`, but `weighted_metrics` were not provided.  Did you mean to pass metrics to `weighted_metrics` in `compile()`?  If this is intentional you can pass `weighted_metrics=[]` to `compile()` in order to silence this warning.
WARNING:absl:Found untraced functions such as _update_step_xla, dense_block_layer_call_fn, dense_block_layer_call_and_return_conditional_losses, dense_block_1_layer_call_fn, dense_block_1_layer_call_and_return_conditional_losses while saving (showing 5 of 95). These functions will not be directly callable after loading.
WARNING:absl:Found untraced functions such as _update_step_xla, dense_block_layer_call_fn, dense_block_layer_call_and_return_conditional_losses, dense_block_1_layer_call_fn, dense_block_1_layer_call_and_return_conditional_losses while saving (showing 5 of 95). These functions will not be directly callable after loading.
WARNING:tensorflow:`evaluate()` received a value for `sample_weight`, but `weighted_metrics` were not provided.  Did you mean to pass metrics to `weighted_metrics` in `compile()`?  If this is intentional you can pass `weighted_metrics=[]` to `compile()` in order to silence this warning.
WARNING:tensorflow:`evaluate()` received a value for `sample_weight`, but `weighted_metrics` were not provided.  Did you mean to pass metrics to `weighted_metrics` in `compile()`?  If this is intentional you can pass `weighted_metrics=[]` to `compile()` in order to silence this warning.
WARNING:absl:Found untraced functions such as _update_step_xla, dense_block_layer_call_fn, dense_block_layer_call_and_return_conditional_losses, dense_block_1_layer_call_fn, dense_block_1_layer_call_and_return_conditional_losses while saving (showing 5 of 95). These functions will not be directly callable after loading.
WARNING:tensorflow:`evaluate()` received a value for `sample_weight`, but `weighted_metrics` were not provided.  Did you mean to pass metrics to `weighted_metrics` in `compile()`?  If this is intentional you can pass `weighted_metrics=[]` to `compile()` in order to silence this warning.
WARNING:tensorflow:`evaluate()` received a value for `sample_weight`, but `weighted_metrics` were not provided.  Did you mean to pass metrics to `weighted_metrics` in `compile()`?  If this is intentional you can pass `weighted_metrics=[]` to `compile()` in order to silence this warning.
WARNING:absl:Found untraced functions such as _update_step_xla, dense_block_layer_call_fn, dense_block_layer_call_and_return_conditional_losses, dense_block_1_layer_call_fn, dense_block_1_layer_call_and_return_conditional_losses while saving (showing 5 of 95). These functions will not be directly callable after loading.
WARNING:absl:Found untraced functions such as _update_step_xla, dense_block_layer_call_fn, dense_block_layer_call_and_return_conditional_losses, dense_block_1_layer_call_fn, dense_block_1_layer_call_and_return_conditional_losses while saving (showing 5 of 95). These functions will not be directly callable after loading.
WARNING:tensorflow:`evaluate()` received a value for `sample_weight`, but `weighted_metrics` were not provided.  Did you mean to pass metrics to `weighted_metrics` in `compile()`?  If this is intentional you can pass `weighted_metrics=[]` to `compile()` in order to silence this warning.
WARNING:tensorflow:`evaluate()` received a value for `sample_weight`, but `weighted_metrics` were not provided.  Did you mean to pass metrics to `weighted_metrics` in `compile()`?  If this is intentional you can pass `weighted_metrics=[]` to `compile()` in order to silence this warning.
WARNING:absl:Found untraced functions such as _update_step_xla, dense_block_layer_call_fn, dense_block_layer_call_and_return_conditional_losses, dense_block_1_layer_call_fn, dense_block_1_layer_call_and_return_conditional_losses while saving (showing 5 of 95). These functions will not be directly callable after loading.
WARNING:absl:Found untraced functions such as _update_step_xla, dense_block_layer_call_fn, dense_block_layer_call_and_return_conditional_losses, dense_block_1_layer_call_fn, dense_block_1_layer_call_and_return_conditional_losses while saving (showing 5 of 95). These functions will not be directly callable after loading.
WARNING:tensorflow:`evaluate()` received a value for `sample_weight`, but `weighted_metrics` were not provided.  Did you mean to pass metrics to `weighted_metrics` in `compile()`?  If this is intentional you can pass `weighted_metrics=[]` to `compile()` in order to silence this warning.
WARNING:tensorflow:`evaluate()` received a value for `sample_weight`, but `weighted_metrics` were not provided.  Did you mean to pass metrics to `weighted_metrics` in `compile()`?  If this is intentional you can pass `weighted_metrics=[]` to `compile()` in order to silence this warning.
WARNING:absl:Found untraced functions such as _update_step_xla, dense_block_layer_call_fn, dense_block_layer_call_and_return_conditional_losses, dense_block_1_layer_call_fn, dense_block_1_layer_call_and_return_conditional_losses while saving (showing 5 of 95). These functions will not be directly callable after loading.
WARNING:tensorflow:`evaluate()` received a value for `sample_weight`, but `weighted_metrics` were not provided.  Did you mean to pass metrics to `weighted_metrics` in `compile()`?  If this is intentional you can pass `weighted_metrics=[]` to `compile()` in order to silence this warning.
WARNING:tensorflow:`evaluate()` received a value for `sample_weight`, but `weighted_metrics` were not provided.  Did you mean to pass metrics to `weighted_metrics` in `compile()`?  If this is intentional you can pass `weighted_metrics=[]` to `compile()` in order to silence this warning.
WARNING:absl:Found untraced functions such as _update_step_xla, dense_block_layer_call_fn, dense_block_layer_call_and_return_conditional_losses, dense_block_1_layer_call_fn, dense_block_1_layer_call_and_return_conditional_losses while saving (showing 5 of 95). These functions will not be directly callable after loading.
WARNING:absl:Found untraced functions such as _update_step_xla, dense_block_layer_call_fn, dense_block_layer_call_and_return_conditional_losses, dense_block_1_layer_call_fn, dense_block_1_layer_call_and_return_conditional_losses while saving (showing 5 of 95). These functions will not be directly callable after loading.
WARNING:tensorflow:`evaluate()` received a value for `sample_weight`, but `weighted_metrics` were not provided.  Did you mean to pass metrics to `weighted_metrics` in `compile()`?  If this is intentional you can pass `weighted_metrics=[]` to `compile()` in order to silence this warning.
WARNING:tensorflow:`evaluate()` received a value for `sample_weight`, but `weighted_metrics` were not provided.  Did you mean to pass metrics to `weighted_metrics` in `compile()`?  If this is intentional you can pass `weighted_metrics=[]` to `compile()` in order to silence this warning.
WARNING:absl:Found untraced functions such as _update_step_xla, dense_block_layer_call_fn, dense_block_layer_call_and_return_conditional_losses, dense_block_1_layer_call_fn, dense_block_1_layer_call_and_return_conditional_losses while saving (showing 5 of 95). These functions will not be directly callable after loading.
WARNING:tensorflow:`evaluate()` received a value for `sample_weight`, but `weighted_metrics` were not provided.  Did you mean to pass metrics to `weighted_metrics` in `compile()`?  If this is intentional you can pass `weighted_metrics=[]` to `compile()` in order to silence this warning.
WARNING:tensorflow:`evaluate()` received a value for `sample_weight`, but `weighted_metrics` were not provided.  Did you mean to pass metrics to `weighted_metrics` in `compile()`?  If this is intentional you can pass `weighted_metrics=[]` to `compile()` in order to silence this warning.
WARNING:absl:Found untraced functions such as _update_step_xla, dense_block_layer_call_fn, dense_block_layer_call_and_return_conditional_losses, dense_block_1_layer_call_fn, dense_block_1_layer_call_and_return_conditional_losses while saving (showing 5 of 95). These functions will not be directly callable after loading.
WARNING:tensorflow:`evaluate()` received a value for `sample_weight`, but `weighted_metrics` were not provided.  Did you mean to pass metrics to `weighted_metrics` in `compile()`?  If this is intentional you can pass `weighted_metrics=[]` to `compile()` in order to silence this warning.
WARNING:tensorflow:`evaluate()` received a value for `sample_weight`, but `weighted_metrics` were not provided.  Did you mean to pass metrics to `weighted_metrics` in `compile()`?  If this is intentional you can pass `weighted_metrics=[]` to `compile()` in order to silence this warning.
WARNING:absl:Found untraced functions such as _update_step_xla, dense_block_layer_call_fn, dense_block_layer_call_and_return_conditional_losses, dense_block_1_layer_call_fn, dense_block_1_layer_call_and_return_conditional_losses while saving (showing 5 of 95). These functions will not be directly callable after loading.
WARNING:tensorflow:`evaluate()` received a value for `sample_weight`, but `weighted_metrics` were not provided.  Did you mean to pass metrics to `weighted_metrics` in `compile()`?  If this is intentional you can pass `weighted_metrics=[]` to `compile()` in order to silence this warning.
WARNING:tensorflow:`evaluate()` received a value for `sample_weight`, but `weighted_metrics` were not provided.  Did you mean to pass metrics to `weighted_metrics` in `compile()`?  If this is intentional you can pass `weighted_metrics=[]` to `compile()` in order to silence this warning.
WARNING:absl:Found untraced functions such as _update_step_xla, dense_block_layer_call_fn, dense_block_layer_call_and_return_conditional_losses, dense_block_1_layer_call_fn, dense_block_1_layer_call_and_return_conditional_losses while saving (showing 5 of 95). These functions will not be directly callable after loading.
WARNING:absl:Found untraced functions such as _update_step_xla, dense_block_layer_call_fn, dense_block_layer_call_and_return_conditional_losses, dense_block_1_layer_call_fn, dense_block_1_layer_call_and_return_conditional_losses while saving (showing 5 of 95). These functions will not be directly callable after loading.
WARNING:tensorflow:`evaluate()` received a value for `sample_weight`, but `weighted_metrics` were not provided.  Did you mean to pass metrics to `weighted_metrics` in `compile()`?  If this is intentional you can pass `weighted_metrics=[]` to `compile()` in order to silence this warning.
WARNING:tensorflow:`evaluate()` received a value for `sample_weight`, but `weighted_metrics` were not provided.  Did you mean to pass metrics to `weighted_metrics` in `compile()`?  If this is intentional you can pass `weighted_metrics=[]` to `compile()` in order to silence this warning.
WARNING:absl:Found untraced functions such as _update_step_xla, dense_block_layer_call_fn, dense_block_layer_call_and_return_conditional_losses, dense_block_1_layer_call_fn, dense_block_1_layer_call_and_return_conditional_losses while saving (showing 5 of 95). These functions will not be directly callable after loading.
WARNING:tensorflow:`evaluate()` received a value for `sample_weight`, but `weighted_metrics` were not provided.  Did you mean to pass metrics to `weighted_metrics` in `compile()`?  If this is intentional you can pass `weighted_metrics=[]` to `compile()` in order to silence this warning.
WARNING:tensorflow:`evaluate()` received a value for `sample_weight`, but `weighted_metrics` were not provided.  Did you mean to pass metrics to `weighted_metrics` in `compile()`?  If this is intentional you can pass `weighted_metrics=[]` to `compile()` in order to silence this warning.
WARNING:absl:Found untraced functions such as _update_step_xla, dense_block_layer_call_fn, dense_block_layer_call_and_return_conditional_losses, dense_block_1_layer_call_fn, dense_block_1_layer_call_and_return_conditional_losses while saving (showing 5 of 95). These functions will not be directly callable after loading.
WARNING:tensorflow:`evaluate()` received a value for `sample_weight`, but `weighted_metrics` were not provided.  Did you mean to pass metrics to `weighted_metrics` in `compile()`?  If this is intentional you can pass `weighted_metrics=[]` to `compile()` in order to silence this warning.
WARNING:tensorflow:`evaluate()` received a value for `sample_weight`, but `weighted_metrics` were not provided.  Did you mean to pass metrics to `weighted_metrics` in `compile()`?  If this is intentional you can pass `weighted_metrics=[]` to `compile()` in order to silence this warning.
WARNING:absl:Found untraced functions such as _update_step_xla, dense_block_layer_call_fn, dense_block_layer_call_and_return_conditional_losses, dense_block_1_layer_call_fn, dense_block_1_layer_call_and_return_conditional_losses while saving (showing 5 of 95). These functions will not be directly callable after loading.
WARNING:tensorflow:`evaluate()` received a value for `sample_weight`, but `weighted_metrics` were not provided.  Did you mean to pass metrics to `weighted_metrics` in `compile()`?  If this is intentional you can pass `weighted_metrics=[]` to `compile()` in order to silence this warning.
WARNING:tensorflow:`evaluate()` received a value for `sample_weight`, but `weighted_metrics` were not provided.  Did you mean to pass metrics to `weighted_metrics` in `compile()`?  If this is intentional you can pass `weighted_metrics=[]` to `compile()` in order to silence this warning.
WARNING:absl:Found untraced functions such as _update_step_xla, dense_block_layer_call_fn, dense_block_layer_call_and_return_conditional_losses, dense_block_1_layer_call_fn, dense_block_1_layer_call_and_return_conditional_losses while saving (showing 5 of 95). These functions will not be directly callable after loading.
WARNING:tensorflow:`evaluate()` received a value for `sample_weight`, but `weighted_metrics` were not provided.  Did you mean to pass metrics to `weighted_metrics` in `compile()`?  If this is intentional you can pass `weighted_metrics=[]` to `compile()` in order to silence this warning.
WARNING:tensorflow:`evaluate()` received a value for `sample_weight`, but `weighted_metrics` were not provided.  Did you mean to pass metrics to `weighted_metrics` in `compile()`?  If this is intentional you can pass `weighted_metrics=[]` to `compile()` in order to silence this warning.
WARNING:absl:Found untraced functions such as _update_step_xla, dense_block_layer_call_fn, dense_block_layer_call_and_return_conditional_losses, dense_block_1_layer_call_fn, dense_block_1_layer_call_and_return_conditional_losses while saving (showing 5 of 95). These functions will not be directly callable after loading.
WARNING:absl:Found untraced functions such as _update_step_xla, dense_block_layer_call_fn, dense_block_layer_call_and_return_conditional_losses, dense_block_1_layer_call_fn, dense_block_1_layer_call_and_return_conditional_losses while saving (showing 5 of 95). These functions will not be directly callable after loading.
WARNING:tensorflow:`evaluate()` received a value for `sample_weight`, but `weighted_metrics` were not provided.  Did you mean to pass metrics to `weighted_metrics` in `compile()`?  If this is intentional you can pass `weighted_metrics=[]` to `compile()` in order to silence this warning.
WARNING:tensorflow:`evaluate()` received a value for `sample_weight`, but `weighted_metrics` were not provided.  Did you mean to pass metrics to `weighted_metrics` in `compile()`?  If this is intentional you can pass `weighted_metrics=[]` to `compile()` in order to silence this warning.
WARNING:absl:Found untraced functions such as _update_step_xla, dense_block_layer_call_fn, dense_block_layer_call_and_return_conditional_losses, dense_block_1_layer_call_fn, dense_block_1_layer_call_and_return_conditional_losses while saving (showing 5 of 95). These functions will not be directly callable after loading.
WARNING:tensorflow:`evaluate()` received a value for `sample_weight`, but `weighted_metrics` were not provided.  Did you mean to pass metrics to `weighted_metrics` in `compile()`?  If this is intentional you can pass `weighted_metrics=[]` to `compile()` in order to silence this warning.
WARNING:tensorflow:`evaluate()` received a value for `sample_weight`, but `weighted_metrics` were not provided.  Did you mean to pass metrics to `weighted_metrics` in `compile()`?  If this is intentional you can pass `weighted_metrics=[]` to `compile()` in order to silence this warning.
WARNING:absl:Found untraced functions such as _update_step_xla, dense_block_layer_call_fn, dense_block_layer_call_and_return_conditional_losses, dense_block_1_layer_call_fn, dense_block_1_layer_call_and_return_conditional_losses while saving (showing 5 of 95). These functions will not be directly callable after loading.
WARNING:tensorflow:`evaluate()` received a value for `sample_weight`, but `weighted_metrics` were not provided.  Did you mean to pass metrics to `weighted_metrics` in `compile()`?  If this is intentional you can pass `weighted_metrics=[]` to `compile()` in order to silence this warning.
WARNING:tensorflow:`evaluate()` received a value for `sample_weight`, but `weighted_metrics` were not provided.  Did you mean to pass metrics to `weighted_metrics` in `compile()`?  If this is intentional you can pass `weighted_metrics=[]` to `compile()` in order to silence this warning.
WARNING:absl:Found untraced functions such as _update_step_xla, dense_block_layer_call_fn, dense_block_layer_call_and_return_conditional_losses, dense_block_1_layer_call_fn, dense_block_1_layer_call_and_return_conditional_losses while saving (showing 5 of 95). These functions will not be directly callable after loading.
WARNING:tensorflow:`evaluate()` received a value for `sample_weight`, but `weighted_metrics` were not provided.  Did you mean to pass metrics to `weighted_metrics` in `compile()`?  If this is intentional you can pass `weighted_metrics=[]` to `compile()` in order to silence this warning.
WARNING:tensorflow:`evaluate()` received a value for `sample_weight`, but `weighted_metrics` were not provided.  Did you mean to pass metrics to `weighted_metrics` in `compile()`?  If this is intentional you can pass `weighted_metrics=[]` to `compile()` in order to silence this warning.
WARNING:absl:Found untraced functions such as _update_step_xla, dense_block_layer_call_fn, dense_block_layer_call_and_return_conditional_losses, dense_block_1_layer_call_fn, dense_block_1_layer_call_and_return_conditional_losses while saving (showing 5 of 95). These functions will not be directly callable after loading.
WARNING:absl:Found untraced functions such as _update_step_xla, dense_block_layer_call_fn, dense_block_layer_call_and_return_conditional_losses, dense_block_1_layer_call_fn, dense_block_1_layer_call_and_return_conditional_losses while saving (showing 5 of 95). These functions will not be directly callable after loading.
WARNING:tensorflow:`evaluate()` received a value for `sample_weight`, but `weighted_metrics` were not provided.  Did you mean to pass metrics to `weighted_metrics` in `compile()`?  If this is intentional you can pass `weighted_metrics=[]` to `compile()` in order to silence this warning.
WARNING:tensorflow:`evaluate()` received a value for `sample_weight`, but `weighted_metrics` were not provided.  Did you mean to pass metrics to `weighted_metrics` in `compile()`?  If this is intentional you can pass `weighted_metrics=[]` to `compile()` in order to silence this warning.
WARNING:absl:Found untraced functions such as _update_step_xla, dense_block_layer_call_fn, dense_block_layer_call_and_return_conditional_losses, dense_block_1_layer_call_fn, dense_block_1_layer_call_and_return_conditional_losses while saving (showing 5 of 95). These functions will not be directly callable after loading.
WARNING:absl:Found untraced functions such as _update_step_xla, dense_block_layer_call_fn, dense_block_layer_call_and_return_conditional_losses, dense_block_1_layer_call_fn, dense_block_1_layer_call_and_return_conditional_losses while saving (showing 5 of 95). These functions will not be directly callable after loading.
WARNING:tensorflow:`evaluate()` received a value for `sample_weight`, but `weighted_metrics` were not provided.  Did you mean to pass metrics to `weighted_metrics` in `compile()`?  If this is intentional you can pass `weighted_metrics=[]` to `compile()` in order to silence this warning.
WARNING:tensorflow:`evaluate()` received a value for `sample_weight`, but `weighted_metrics` were not provided.  Did you mean to pass metrics to `weighted_metrics` in `compile()`?  If this is intentional you can pass `weighted_metrics=[]` to `compile()` in order to silence this warning.
WARNING:absl:Found untraced functions such as _update_step_xla, dense_block_layer_call_fn, dense_block_layer_call_and_return_conditional_losses, dense_block_1_layer_call_fn, dense_block_1_layer_call_and_return_conditional_losses while saving (showing 5 of 95). These functions will not be directly callable after loading.
WARNING:tensorflow:`evaluate()` received a value for `sample_weight`, but `weighted_metrics` were not provided.  Did you mean to pass metrics to `weighted_metrics` in `compile()`?  If this is intentional you can pass `weighted_metrics=[]` to `compile()` in order to silence this warning.
WARNING:tensorflow:`evaluate()` received a value for `sample_weight`, but `weighted_metrics` were not provided.  Did you mean to pass metrics to `weighted_metrics` in `compile()`?  If this is intentional you can pass `weighted_metrics=[]` to `compile()` in order to silence this warning.
WARNING:absl:Found untraced functions such as _update_step_xla, dense_block_layer_call_fn, dense_block_layer_call_and_return_conditional_losses, dense_block_1_layer_call_fn, dense_block_1_layer_call_and_return_conditional_losses while saving (showing 5 of 95). These functions will not be directly callable after loading.
WARNING:tensorflow:`evaluate()` received a value for `sample_weight`, but `weighted_metrics` were not provided.  Did you mean to pass metrics to `weighted_metrics` in `compile()`?  If this is intentional you can pass `weighted_metrics=[]` to `compile()` in order to silence this warning.
WARNING:tensorflow:`evaluate()` received a value for `sample_weight`, but `weighted_metrics` were not provided.  Did you mean to pass metrics to `weighted_metrics` in `compile()`?  If this is intentional you can pass `weighted_metrics=[]` to `compile()` in order to silence this warning.
WARNING:absl:Found untraced functions such as _update_step_xla, dense_block_layer_call_fn, dense_block_layer_call_and_return_conditional_losses, dense_block_1_layer_call_fn, dense_block_1_layer_call_and_return_conditional_losses while saving (showing 5 of 95). These functions will not be directly callable after loading.
WARNING:absl:Found untraced functions such as _update_step_xla, dense_block_layer_call_fn, dense_block_layer_call_and_return_conditional_losses, dense_block_1_layer_call_fn, dense_block_1_layer_call_and_return_conditional_losses while saving (showing 5 of 95). These functions will not be directly callable after loading.
WARNING:tensorflow:`evaluate()` received a value for `sample_weight`, but `weighted_metrics` were not provided.  Did you mean to pass metrics to `weighted_metrics` in `compile()`?  If this is intentional you can pass `weighted_metrics=[]` to `compile()` in order to silence this warning.
WARNING:tensorflow:`evaluate()` received a value for `sample_weight`, but `weighted_metrics` were not provided.  Did you mean to pass metrics to `weighted_metrics` in `compile()`?  If this is intentional you can pass `weighted_metrics=[]` to `compile()` in order to silence this warning.
WARNING:absl:Found untraced functions such as _update_step_xla, dense_block_layer_call_fn, dense_block_layer_call_and_return_conditional_losses, dense_block_1_layer_call_fn, dense_block_1_layer_call_and_return_conditional_losses while saving (showing 5 of 95). These functions will not be directly callable after loading.
WARNING:tensorflow:`evaluate()` received a value for `sample_weight`, but `weighted_metrics` were not provided.  Did you mean to pass metrics to `weighted_metrics` in `compile()`?  If this is intentional you can pass `weighted_metrics=[]` to `compile()` in order to silence this warning.
WARNING:tensorflow:`evaluate()` received a value for `sample_weight`, but `weighted_metrics` were not provided.  Did you mean to pass metrics to `weighted_metrics` in `compile()`?  If this is intentional you can pass `weighted_metrics=[]` to `compile()` in order to silence this warning.
WARNING:absl:Found untraced functions such as _update_step_xla, dense_block_layer_call_fn, dense_block_layer_call_and_return_conditional_losses, dense_block_1_layer_call_fn, dense_block_1_layer_call_and_return_conditional_losses while saving (showing 5 of 95). These functions will not be directly callable after loading.
WARNING:absl:Found untraced functions such as _update_step_xla, dense_block_layer_call_fn, dense_block_layer_call_and_return_conditional_losses, dense_block_1_layer_call_fn, dense_block_1_layer_call_and_return_conditional_losses while saving (showing 5 of 95). These functions will not be directly callable after loading.
WARNING:tensorflow:`evaluate()` received a value for `sample_weight`, but `weighted_metrics` were not provided.  Did you mean to pass metrics to `weighted_metrics` in `compile()`?  If this is intentional you can pass `weighted_metrics=[]` to `compile()` in order to silence this warning.
WARNING:tensorflow:`evaluate()` received a value for `sample_weight`, but `weighted_metrics` were not provided.  Did you mean to pass metrics to `weighted_metrics` in `compile()`?  If this is intentional you can pass `weighted_metrics=[]` to `compile()` in order to silence this warning.
WARNING:absl:Found untraced functions such as _update_step_xla, dense_block_layer_call_fn, dense_block_layer_call_and_return_conditional_losses, dense_block_1_layer_call_fn, dense_block_1_layer_call_and_return_conditional_losses while saving (showing 5 of 95). These functions will not be directly callable after loading.
WARNING:tensorflow:`evaluate()` received a value for `sample_weight`, but `weighted_metrics` were not provided.  Did you mean to pass metrics to `weighted_metrics` in `compile()`?  If this is intentional you can pass `weighted_metrics=[]` to `compile()` in order to silence this warning.
WARNING:tensorflow:`evaluate()` received a value for `sample_weight`, but `weighted_metrics` were not provided.  Did you mean to pass metrics to `weighted_metrics` in `compile()`?  If this is intentional you can pass `weighted_metrics=[]` to `compile()` in order to silence this warning.
WARNING:absl:Found untraced functions such as _update_step_xla, dense_block_layer_call_fn, dense_block_layer_call_and_return_conditional_losses, dense_block_1_layer_call_fn, dense_block_1_layer_call_and_return_conditional_losses while saving (showing 5 of 95). These functions will not be directly callable after loading.
WARNING:absl:Found untraced functions such as _update_step_xla, dense_block_layer_call_fn, dense_block_layer_call_and_return_conditional_losses, dense_block_1_layer_call_fn, dense_block_1_layer_call_and_return_conditional_losses while saving (showing 5 of 95). These functions will not be directly callable after loading.
WARNING:tensorflow:`evaluate()` received a value for `sample_weight`, but `weighted_metrics` were not provided.  Did you mean to pass metrics to `weighted_metrics` in `compile()`?  If this is intentional you can pass `weighted_metrics=[]` to `compile()` in order to silence this warning.
WARNING:tensorflow:`evaluate()` received a value for `sample_weight`, but `weighted_metrics` were not provided.  Did you mean to pass metrics to `weighted_metrics` in `compile()`?  If this is intentional you can pass `weighted_metrics=[]` to `compile()` in order to silence this warning.
WARNING:absl:Found untraced functions such as _update_step_xla, dense_block_layer_call_fn, dense_block_layer_call_and_return_conditional_losses, dense_block_1_layer_call_fn, dense_block_1_layer_call_and_return_conditional_losses while saving (showing 5 of 95). These functions will not be directly callable after loading.
WARNING:tensorflow:`evaluate()` received a value for `sample_weight`, but `weighted_metrics` were not provided.  Did you mean to pass metrics to `weighted_metrics` in `compile()`?  If this is intentional you can pass `weighted_metrics=[]` to `compile()` in order to silence this warning.
WARNING:tensorflow:`evaluate()` received a value for `sample_weight`, but `weighted_metrics` were not provided.  Did you mean to pass metrics to `weighted_metrics` in `compile()`?  If this is intentional you can pass `weighted_metrics=[]` to `compile()` in order to silence this warning.
WARNING:absl:Found untraced functions such as _update_step_xla, dense_block_layer_call_fn, dense_block_layer_call_and_return_conditional_losses, dense_block_1_layer_call_fn, dense_block_1_layer_call_and_return_conditional_losses while saving (showing 5 of 95). These functions will not be directly callable after loading.
WARNING:tensorflow:`evaluate()` received a value for `sample_weight`, but `weighted_metrics` were not provided.  Did you mean to pass metrics to `weighted_metrics` in `compile()`?  If this is intentional you can pass `weighted_metrics=[]` to `compile()` in order to silence this warning.
WARNING:tensorflow:`evaluate()` received a value for `sample_weight`, but `weighted_metrics` were not provided.  Did you mean to pass metrics to `weighted_metrics` in `compile()`?  If this is intentional you can pass `weighted_metrics=[]` to `compile()` in order to silence this warning.
WARNING:absl:Found untraced functions such as _update_step_xla, dense_block_layer_call_fn, dense_block_layer_call_and_return_conditional_losses, dense_block_1_layer_call_fn, dense_block_1_layer_call_and_return_conditional_losses while saving (showing 5 of 95). These functions will not be directly callable after loading.
WARNING:absl:Found untraced functions such as _update_step_xla, dense_block_layer_call_fn, dense_block_layer_call_and_return_conditional_losses, dense_block_1_layer_call_fn, dense_block_1_layer_call_and_return_conditional_losses while saving (showing 5 of 95). These functions will not be directly callable after loading.
WARNING:tensorflow:`evaluate()` received a value for `sample_weight`, but `weighted_metrics` were not provided.  Did you mean to pass metrics to `weighted_metrics` in `compile()`?  If this is intentional you can pass `weighted_metrics=[]` to `compile()` in order to silence this warning.
WARNING:tensorflow:`evaluate()` received a value for `sample_weight`, but `weighted_metrics` were not provided.  Did you mean to pass metrics to `weighted_metrics` in `compile()`?  If this is intentional you can pass `weighted_metrics=[]` to `compile()` in order to silence this warning.
WARNING:absl:Found untraced functions such as _update_step_xla, dense_block_layer_call_fn, dense_block_layer_call_and_return_conditional_losses, dense_block_1_layer_call_fn, dense_block_1_layer_call_and_return_conditional_losses while saving (showing 5 of 95). These functions will not be directly callable after loading.
WARNING:tensorflow:`evaluate()` received a value for `sample_weight`, but `weighted_metrics` were not provided.  Did you mean to pass metrics to `weighted_metrics` in `compile()`?  If this is intentional you can pass `weighted_metrics=[]` to `compile()` in order to silence this warning.
WARNING:tensorflow:`evaluate()` received a value for `sample_weight`, but `weighted_metrics` were not provided.  Did you mean to pass metrics to `weighted_metrics` in `compile()`?  If this is intentional you can pass `weighted_metrics=[]` to `compile()` in order to silence this warning.
WARNING:absl:Found untraced functions such as _update_step_xla, dense_block_layer_call_fn, dense_block_layer_call_and_return_conditional_losses, dense_block_1_layer_call_fn, dense_block_1_layer_call_and_return_conditional_losses while saving (showing 5 of 95). These functions will not be directly callable after loading.
WARNING:tensorflow:`evaluate()` received a value for `sample_weight`, but `weighted_metrics` were not provided.  Did you mean to pass metrics to `weighted_metrics` in `compile()`?  If this is intentional you can pass `weighted_metrics=[]` to `compile()` in order to silence this warning.
WARNING:tensorflow:`evaluate()` received a value for `sample_weight`, but `weighted_metrics` were not provided.  Did you mean to pass metrics to `weighted_metrics` in `compile()`?  If this is intentional you can pass `weighted_metrics=[]` to `compile()` in order to silence this warning.
WARNING:absl:Found untraced functions such as _update_step_xla, dense_block_layer_call_fn, dense_block_layer_call_and_return_conditional_losses, dense_block_1_layer_call_fn, dense_block_1_layer_call_and_return_conditional_losses while saving (showing 5 of 95). These functions will not be directly callable after loading.
WARNING:tensorflow:`evaluate()` received a value for `sample_weight`, but `weighted_metrics` were not provided.  Did you mean to pass metrics to `weighted_metrics` in `compile()`?  If this is intentional you can pass `weighted_metrics=[]` to `compile()` in order to silence this warning.
WARNING:tensorflow:`evaluate()` received a value for `sample_weight`, but `weighted_metrics` were not provided.  Did you mean to pass metrics to `weighted_metrics` in `compile()`?  If this is intentional you can pass `weighted_metrics=[]` to `compile()` in order to silence this warning.
WARNING:absl:Found untraced functions such as _update_step_xla, dense_block_layer_call_fn, dense_block_layer_call_and_return_conditional_losses, dense_block_1_layer_call_fn, dense_block_1_layer_call_and_return_conditional_losses while saving (showing 5 of 95). These functions will not be directly callable after loading.
WARNING:tensorflow:`evaluate()` received a value for `sample_weight`, but `weighted_metrics` were not provided.  Did you mean to pass metrics to `weighted_metrics` in `compile()`?  If this is intentional you can pass `weighted_metrics=[]` to `compile()` in order to silence this warning.
WARNING:tensorflow:`evaluate()` received a value for `sample_weight`, but `weighted_metrics` were not provided.  Did you mean to pass metrics to `weighted_metrics` in `compile()`?  If this is intentional you can pass `weighted_metrics=[]` to `compile()` in order to silence this warning.
WARNING:absl:Found untraced functions such as _update_step_xla, dense_block_layer_call_fn, dense_block_layer_call_and_return_conditional_losses, dense_block_1_layer_call_fn, dense_block_1_layer_call_and_return_conditional_losses while saving (showing 5 of 95). These functions will not be directly callable after loading.
WARNING:tensorflow:`evaluate()` received a value for `sample_weight`, but `weighted_metrics` were not provided.  Did you mean to pass metrics to `weighted_metrics` in `compile()`?  If this is intentional you can pass `weighted_metrics=[]` to `compile()` in order to silence this warning.
WARNING:tensorflow:`evaluate()` received a value for `sample_weight`, but `weighted_metrics` were not provided.  Did you mean to pass metrics to `weighted_metrics` in `compile()`?  If this is intentional you can pass `weighted_metrics=[]` to `compile()` in order to silence this warning.
WARNING:absl:Found untraced functions such as _update_step_xla, dense_block_layer_call_fn, dense_block_layer_call_and_return_conditional_losses, dense_block_1_layer_call_fn, dense_block_1_layer_call_and_return_conditional_losses while saving (showing 5 of 95). These functions will not be directly callable after loading.
WARNING:tensorflow:`evaluate()` received a value for `sample_weight`, but `weighted_metrics` were not provided.  Did you mean to pass metrics to `weighted_metrics` in `compile()`?  If this is intentional you can pass `weighted_metrics=[]` to `compile()` in order to silence this warning.
WARNING:tensorflow:`evaluate()` received a value for `sample_weight`, but `weighted_metrics` were not provided.  Did you mean to pass metrics to `weighted_metrics` in `compile()`?  If this is intentional you can pass `weighted_metrics=[]` to `compile()` in order to silence this warning.
WARNING:absl:Found untraced functions such as _update_step_xla, dense_block_layer_call_fn, dense_block_layer_call_and_return_conditional_losses, dense_block_1_layer_call_fn, dense_block_1_layer_call_and_return_conditional_losses while saving (showing 5 of 95). These functions will not be directly callable after loading.
WARNING:tensorflow:`evaluate()` received a value for `sample_weight`, but `weighted_metrics` were not provided.  Did you mean to pass metrics to `weighted_metrics` in `compile()`?  If this is intentional you can pass `weighted_metrics=[]` to `compile()` in order to silence this warning.
WARNING:tensorflow:`evaluate()` received a value for `sample_weight`, but `weighted_metrics` were not provided.  Did you mean to pass metrics to `weighted_metrics` in `compile()`?  If this is intentional you can pass `weighted_metrics=[]` to `compile()` in order to silence this warning.
WARNING:absl:Found untraced functions such as _update_step_xla, dense_block_layer_call_fn, dense_block_layer_call_and_return_conditional_losses, dense_block_1_layer_call_fn, dense_block_1_layer_call_and_return_conditional_losses while saving (showing 5 of 95). These functions will not be directly callable after loading.
WARNING:tensorflow:`evaluate()` received a value for `sample_weight`, but `weighted_metrics` were not provided.  Did you mean to pass metrics to `weighted_metrics` in `compile()`?  If this is intentional you can pass `weighted_metrics=[]` to `compile()` in order to silence this warning.
WARNING:tensorflow:`evaluate()` received a value for `sample_weight`, but `weighted_metrics` were not provided.  Did you mean to pass metrics to `weighted_metrics` in `compile()`?  If this is intentional you can pass `weighted_metrics=[]` to `compile()` in order to silence this warning.
WARNING:absl:Found untraced functions such as _update_step_xla, dense_block_layer_call_fn, dense_block_layer_call_and_return_conditional_losses, dense_block_1_layer_call_fn, dense_block_1_layer_call_and_return_conditional_losses while saving (showing 5 of 95). These functions will not be directly callable after loading.
WARNING:absl:Found untraced functions such as _update_step_xla, dense_block_layer_call_fn, dense_block_layer_call_and_return_conditional_losses, dense_block_1_layer_call_fn, dense_block_1_layer_call_and_return_conditional_losses while saving (showing 5 of 95). These functions will not be directly callable after loading.
WARNING:tensorflow:`evaluate()` received a value for `sample_weight`, but `weighted_metrics` were not provided.  Did you mean to pass metrics to `weighted_metrics` in `compile()`?  If this is intentional you can pass `weighted_metrics=[]` to `compile()` in order to silence this warning.
WARNING:tensorflow:`evaluate()` received a value for `sample_weight`, but `weighted_metrics` were not provided.  Did you mean to pass metrics to `weighted_metrics` in `compile()`?  If this is intentional you can pass `weighted_metrics=[]` to `compile()` in order to silence this warning.
WARNING:absl:Found untraced functions such as _update_step_xla, dense_block_layer_call_fn, dense_block_layer_call_and_return_conditional_losses, dense_block_1_layer_call_fn, dense_block_1_layer_call_and_return_conditional_losses while saving (showing 5 of 95). These functions will not be directly callable after loading.
WARNING:absl:Found untraced functions such as _update_step_xla, dense_block_layer_call_fn, dense_block_layer_call_and_return_conditional_losses, dense_block_1_layer_call_fn, dense_block_1_layer_call_and_return_conditional_losses while saving (showing 5 of 95). These functions will not be directly callable after loading.
WARNING:tensorflow:`evaluate()` received a value for `sample_weight`, but `weighted_metrics` were not provided.  Did you mean to pass metrics to `weighted_metrics` in `compile()`?  If this is intentional you can pass `weighted_metrics=[]` to `compile()` in order to silence this warning.
WARNING:tensorflow:`evaluate()` received a value for `sample_weight`, but `weighted_metrics` were not provided.  Did you mean to pass metrics to `weighted_metrics` in `compile()`?  If this is intentional you can pass `weighted_metrics=[]` to `compile()` in order to silence this warning.
WARNING:absl:Found untraced functions such as _update_step_xla, dense_block_layer_call_fn, dense_block_layer_call_and_return_conditional_losses, dense_block_1_layer_call_fn, dense_block_1_layer_call_and_return_conditional_losses while saving (showing 5 of 95). These functions will not be directly callable after loading.
WARNING:tensorflow:`evaluate()` received a value for `sample_weight`, but `weighted_metrics` were not provided.  Did you mean to pass metrics to `weighted_metrics` in `compile()`?  If this is intentional you can pass `weighted_metrics=[]` to `compile()` in order to silence this warning.
WARNING:tensorflow:`evaluate()` received a value for `sample_weight`, but `weighted_metrics` were not provided.  Did you mean to pass metrics to `weighted_metrics` in `compile()`?  If this is intentional you can pass `weighted_metrics=[]` to `compile()` in order to silence this warning.
WARNING:absl:Found untraced functions such as _update_step_xla, dense_block_layer_call_fn, dense_block_layer_call_and_return_conditional_losses, dense_block_1_layer_call_fn, dense_block_1_layer_call_and_return_conditional_losses while saving (showing 5 of 95). These functions will not be directly callable after loading.
WARNING:absl:Found untraced functions such as _update_step_xla, dense_block_layer_call_fn, dense_block_layer_call_and_return_conditional_losses, dense_block_1_layer_call_fn, dense_block_1_layer_call_and_return_conditional_losses while saving (showing 5 of 95). These functions will not be directly callable after loading.
WARNING:tensorflow:`evaluate()` received a value for `sample_weight`, but `weighted_metrics` were not provided.  Did you mean to pass metrics to `weighted_metrics` in `compile()`?  If this is intentional you can pass `weighted_metrics=[]` to `compile()` in order to silence this warning.
WARNING:tensorflow:`evaluate()` received a value for `sample_weight`, but `weighted_metrics` were not provided.  Did you mean to pass metrics to `weighted_metrics` in `compile()`?  If this is intentional you can pass `weighted_metrics=[]` to `compile()` in order to silence this warning.
WARNING:absl:Found untraced functions such as _update_step_xla, dense_block_layer_call_fn, dense_block_layer_call_and_return_conditional_losses, dense_block_1_layer_call_fn, dense_block_1_layer_call_and_return_conditional_losses while saving (showing 5 of 95). These functions will not be directly callable after loading.
WARNING:tensorflow:`evaluate()` received a value for `sample_weight`, but `weighted_metrics` were not provided.  Did you mean to pass metrics to `weighted_metrics` in `compile()`?  If this is intentional you can pass `weighted_metrics=[]` to `compile()` in order to silence this warning.
WARNING:tensorflow:`evaluate()` received a value for `sample_weight`, but `weighted_metrics` were not provided.  Did you mean to pass metrics to `weighted_metrics` in `compile()`?  If this is intentional you can pass `weighted_metrics=[]` to `compile()` in order to silence this warning.
WARNING:absl:Found untraced functions such as _update_step_xla, dense_block_layer_call_fn, dense_block_layer_call_and_return_conditional_losses, dense_block_1_layer_call_fn, dense_block_1_layer_call_and_return_conditional_losses while saving (showing 5 of 95). These functions will not be directly callable after loading.
WARNING:tensorflow:`evaluate()` received a value for `sample_weight`, but `weighted_metrics` were not provided.  Did you mean to pass metrics to `weighted_metrics` in `compile()`?  If this is intentional you can pass `weighted_metrics=[]` to `compile()` in order to silence this warning.
WARNING:tensorflow:`evaluate()` received a value for `sample_weight`, but `weighted_metrics` were not provided.  Did you mean to pass metrics to `weighted_metrics` in `compile()`?  If this is intentional you can pass `weighted_metrics=[]` to `compile()` in order to silence this warning.
WARNING:absl:Found untraced functions such as _update_step_xla, dense_block_layer_call_fn, dense_block_layer_call_and_return_conditional_losses, dense_block_1_layer_call_fn, dense_block_1_layer_call_and_return_conditional_losses while saving (showing 5 of 95). These functions will not be directly callable after loading.
WARNING:tensorflow:`evaluate()` received a value for `sample_weight`, but `weighted_metrics` were not provided.  Did you mean to pass metrics to `weighted_metrics` in `compile()`?  If this is intentional you can pass `weighted_metrics=[]` to `compile()` in order to silence this warning.
WARNING:tensorflow:`evaluate()` received a value for `sample_weight`, but `weighted_metrics` were not provided.  Did you mean to pass metrics to `weighted_metrics` in `compile()`?  If this is intentional you can pass `weighted_metrics=[]` to `compile()` in order to silence this warning.
WARNING:absl:Found untraced functions such as _update_step_xla, dense_block_layer_call_fn, dense_block_layer_call_and_return_conditional_losses, dense_block_1_layer_call_fn, dense_block_1_layer_call_and_return_conditional_losses while saving (showing 5 of 95). These functions will not be directly callable after loading.
WARNING:tensorflow:`evaluate()` received a value for `sample_weight`, but `weighted_metrics` were not provided.  Did you mean to pass metrics to `weighted_metrics` in `compile()`?  If this is intentional you can pass `weighted_metrics=[]` to `compile()` in order to silence this warning.
WARNING:tensorflow:`evaluate()` received a value for `sample_weight`, but `weighted_metrics` were not provided.  Did you mean to pass metrics to `weighted_metrics` in `compile()`?  If this is intentional you can pass `weighted_metrics=[]` to `compile()` in order to silence this warning.
WARNING:absl:Found untraced functions such as _update_step_xla, dense_block_layer_call_fn, dense_block_layer_call_and_return_conditional_losses, dense_block_1_layer_call_fn, dense_block_1_layer_call_and_return_conditional_losses while saving (showing 5 of 95). These functions will not be directly callable after loading.
WARNING:tensorflow:`evaluate()` received a value for `sample_weight`, but `weighted_metrics` were not provided.  Did you mean to pass metrics to `weighted_metrics` in `compile()`?  If this is intentional you can pass `weighted_metrics=[]` to `compile()` in order to silence this warning.
WARNING:tensorflow:`evaluate()` received a value for `sample_weight`, but `weighted_metrics` were not provided.  Did you mean to pass metrics to `weighted_metrics` in `compile()`?  If this is intentional you can pass `weighted_metrics=[]` to `compile()` in order to silence this warning.
WARNING:absl:Found untraced functions such as _update_step_xla, dense_block_layer_call_fn, dense_block_layer_call_and_return_conditional_losses, dense_block_1_layer_call_fn, dense_block_1_layer_call_and_return_conditional_losses while saving (showing 5 of 95). These functions will not be directly callable after loading.
WARNING:tensorflow:`evaluate()` received a value for `sample_weight`, but `weighted_metrics` were not provided.  Did you mean to pass metrics to `weighted_metrics` in `compile()`?  If this is intentional you can pass `weighted_metrics=[]` to `compile()` in order to silence this warning.
WARNING:tensorflow:`evaluate()` received a value for `sample_weight`, but `weighted_metrics` were not provided.  Did you mean to pass metrics to `weighted_metrics` in `compile()`?  If this is intentional you can pass `weighted_metrics=[]` to `compile()` in order to silence this warning.
WARNING:absl:Found untraced functions such as _update_step_xla, dense_block_layer_call_fn, dense_block_layer_call_and_return_conditional_losses, dense_block_1_layer_call_fn, dense_block_1_layer_call_and_return_conditional_losses while saving (showing 5 of 95). These functions will not be directly callable after loading.
WARNING:tensorflow:`evaluate()` received a value for `sample_weight`, but `weighted_metrics` were not provided.  Did you mean to pass metrics to `weighted_metrics` in `compile()`?  If this is intentional you can pass `weighted_metrics=[]` to `compile()` in order to silence this warning.
WARNING:tensorflow:`evaluate()` received a value for `sample_weight`, but `weighted_metrics` were not provided.  Did you mean to pass metrics to `weighted_metrics` in `compile()`?  If this is intentional you can pass `weighted_metrics=[]` to `compile()` in order to silence this warning.
WARNING:absl:Found untraced functions such as _update_step_xla, dense_block_layer_call_fn, dense_block_layer_call_and_return_conditional_losses, dense_block_1_layer_call_fn, dense_block_1_layer_call_and_return_conditional_losses while saving (showing 5 of 95). These functions will not be directly callable after loading.
WARNING:tensorflow:`evaluate()` received a value for `sample_weight`, but `weighted_metrics` were not provided.  Did you mean to pass metrics to `weighted_metrics` in `compile()`?  If this is intentional you can pass `weighted_metrics=[]` to `compile()` in order to silence this warning.
WARNING:tensorflow:`evaluate()` received a value for `sample_weight`, but `weighted_metrics` were not provided.  Did you mean to pass metrics to `weighted_metrics` in `compile()`?  If this is intentional you can pass `weighted_metrics=[]` to `compile()` in order to silence this warning.
WARNING:absl:Found untraced functions such as _update_step_xla, dense_block_layer_call_fn, dense_block_layer_call_and_return_conditional_losses, dense_block_1_layer_call_fn, dense_block_1_layer_call_and_return_conditional_losses while saving (showing 5 of 95). These functions will not be directly callable after loading.
WARNING:tensorflow:`evaluate()` received a value for `sample_weight`, but `weighted_metrics` were not provided.  Did you mean to pass metrics to `weighted_metrics` in `compile()`?  If this is intentional you can pass `weighted_metrics=[]` to `compile()` in order to silence this warning.
WARNING:tensorflow:`evaluate()` received a value for `sample_weight`, but `weighted_metrics` were not provided.  Did you mean to pass metrics to `weighted_metrics` in `compile()`?  If this is intentional you can pass `weighted_metrics=[]` to `compile()` in order to silence this warning.
WARNING:absl:Found untraced functions such as _update_step_xla, dense_block_layer_call_fn, dense_block_layer_call_and_return_conditional_losses, dense_block_1_layer_call_fn, dense_block_1_layer_call_and_return_conditional_losses while saving (showing 5 of 95). These functions will not be directly callable after loading.
WARNING:tensorflow:`evaluate()` received a value for `sample_weight`, but `weighted_metrics` were not provided.  Did you mean to pass metrics to `weighted_metrics` in `compile()`?  If this is intentional you can pass `weighted_metrics=[]` to `compile()` in order to silence this warning.
WARNING:tensorflow:`evaluate()` received a value for `sample_weight`, but `weighted_metrics` were not provided.  Did you mean to pass metrics to `weighted_metrics` in `compile()`?  If this is intentional you can pass `weighted_metrics=[]` to `compile()` in order to silence this warning.
WARNING:absl:Found untraced functions such as _update_step_xla, dense_block_layer_call_fn, dense_block_layer_call_and_return_conditional_losses, dense_block_1_layer_call_fn, dense_block_1_layer_call_and_return_conditional_losses while saving (showing 5 of 95). These functions will not be directly callable after loading.
WARNING:tensorflow:`evaluate()` received a value for `sample_weight`, but `weighted_metrics` were not provided.  Did you mean to pass metrics to `weighted_metrics` in `compile()`?  If this is intentional you can pass `weighted_metrics=[]` to `compile()` in order to silence this warning.
WARNING:tensorflow:`evaluate()` received a value for `sample_weight`, but `weighted_metrics` were not provided.  Did you mean to pass metrics to `weighted_metrics` in `compile()`?  If this is intentional you can pass `weighted_metrics=[]` to `compile()` in order to silence this warning.
WARNING:absl:Found untraced functions such as _update_step_xla, dense_block_layer_call_fn, dense_block_layer_call_and_return_conditional_losses, dense_block_1_layer_call_fn, dense_block_1_layer_call_and_return_conditional_losses while saving (showing 5 of 95). These functions will not be directly callable after loading.
WARNING:tensorflow:`evaluate()` received a value for `sample_weight`, but `weighted_metrics` were not provided.  Did you mean to pass metrics to `weighted_metrics` in `compile()`?  If this is intentional you can pass `weighted_metrics=[]` to `compile()` in order to silence this warning.
WARNING:tensorflow:`evaluate()` received a value for `sample_weight`, but `weighted_metrics` were not provided.  Did you mean to pass metrics to `weighted_metrics` in `compile()`?  If this is intentional you can pass `weighted_metrics=[]` to `compile()` in order to silence this warning.
WARNING:absl:Found untraced functions such as _update_step_xla, dense_block_layer_call_fn, dense_block_layer_call_and_return_conditional_losses, dense_block_1_layer_call_fn, dense_block_1_layer_call_and_return_conditional_losses while saving (showing 5 of 95). These functions will not be directly callable after loading.
WARNING:tensorflow:`evaluate()` received a value for `sample_weight`, but `weighted_metrics` were not provided.  Did you mean to pass metrics to `weighted_metrics` in `compile()`?  If this is intentional you can pass `weighted_metrics=[]` to `compile()` in order to silence this warning.
WARNING:tensorflow:`evaluate()` received a value for `sample_weight`, but `weighted_metrics` were not provided.  Did you mean to pass metrics to `weighted_metrics` in `compile()`?  If this is intentional you can pass `weighted_metrics=[]` to `compile()` in order to silence this warning.
WARNING:absl:Found untraced functions such as _update_step_xla, dense_block_layer_call_fn, dense_block_layer_call_and_return_conditional_losses, dense_block_1_layer_call_fn, dense_block_1_layer_call_and_return_conditional_losses while saving (showing 5 of 95). These functions will not be directly callable after loading.
WARNING:tensorflow:`evaluate()` received a value for `sample_weight`, but `weighted_metrics` were not provided.  Did you mean to pass metrics to `weighted_metrics` in `compile()`?  If this is intentional you can pass `weighted_metrics=[]` to `compile()` in order to silence this warning.
WARNING:tensorflow:`evaluate()` received a value for `sample_weight`, but `weighted_metrics` were not provided.  Did you mean to pass metrics to `weighted_metrics` in `compile()`?  If this is intentional you can pass `weighted_metrics=[]` to `compile()` in order to silence this warning.
WARNING:absl:Found untraced functions such as _update_step_xla, dense_block_layer_call_fn, dense_block_layer_call_and_return_conditional_losses, dense_block_1_layer_call_fn, dense_block_1_layer_call_and_return_conditional_losses while saving (showing 5 of 95). These functions will not be directly callable after loading.
WARNING:tensorflow:`evaluate()` received a value for `sample_weight`, but `weighted_metrics` were not provided.  Did you mean to pass metrics to `weighted_metrics` in `compile()`?  If this is intentional you can pass `weighted_metrics=[]` to `compile()` in order to silence this warning.
WARNING:tensorflow:`evaluate()` received a value for `sample_weight`, but `weighted_metrics` were not provided.  Did you mean to pass metrics to `weighted_metrics` in `compile()`?  If this is intentional you can pass `weighted_metrics=[]` to `compile()` in order to silence this warning.
WARNING:absl:Found untraced functions such as _update_step_xla, dense_block_layer_call_fn, dense_block_layer_call_and_return_conditional_losses, dense_block_1_layer_call_fn, dense_block_1_layer_call_and_return_conditional_losses while saving (showing 5 of 95). These functions will not be directly callable after loading.
WARNING:tensorflow:`evaluate()` received a value for `sample_weight`, but `weighted_metrics` were not provided.  Did you mean to pass metrics to `weighted_metrics` in `compile()`?  If this is intentional you can pass `weighted_metrics=[]` to `compile()` in order to silence this warning.
WARNING:tensorflow:`evaluate()` received a value for `sample_weight`, but `weighted_metrics` were not provided.  Did you mean to pass metrics to `weighted_metrics` in `compile()`?  If this is intentional you can pass `weighted_metrics=[]` to `compile()` in order to silence this warning.
WARNING:absl:Found untraced functions such as _update_step_xla, dense_block_layer_call_fn, dense_block_layer_call_and_return_conditional_losses, dense_block_1_layer_call_fn, dense_block_1_layer_call_and_return_conditional_losses while saving (showing 5 of 95). These functions will not be directly callable after loading.
WARNING:tensorflow:`evaluate()` received a value for `sample_weight`, but `weighted_metrics` were not provided.  Did you mean to pass metrics to `weighted_metrics` in `compile()`?  If this is intentional you can pass `weighted_metrics=[]` to `compile()` in order to silence this warning.
WARNING:tensorflow:`evaluate()` received a value for `sample_weight`, but `weighted_metrics` were not provided.  Did you mean to pass metrics to `weighted_metrics` in `compile()`?  If this is intentional you can pass `weighted_metrics=[]` to `compile()` in order to silence this warning.
WARNING:absl:Found untraced functions such as _update_step_xla, dense_block_layer_call_fn, dense_block_layer_call_and_return_conditional_losses, dense_block_1_layer_call_fn, dense_block_1_layer_call_and_return_conditional_losses while saving (showing 5 of 95). These functions will not be directly callable after loading.
WARNING:tensorflow:`evaluate()` received a value for `sample_weight`, but `weighted_metrics` were not provided.  Did you mean to pass metrics to `weighted_metrics` in `compile()`?  If this is intentional you can pass `weighted_metrics=[]` to `compile()` in order to silence this warning.
WARNING:tensorflow:`evaluate()` received a value for `sample_weight`, but `weighted_metrics` were not provided.  Did you mean to pass metrics to `weighted_metrics` in `compile()`?  If this is intentional you can pass `weighted_metrics=[]` to `compile()` in order to silence this warning.
WARNING:absl:Found untraced functions such as _update_step_xla, dense_block_layer_call_fn, dense_block_layer_call_and_return_conditional_losses, dense_block_1_layer_call_fn, dense_block_1_layer_call_and_return_conditional_losses while saving (showing 5 of 95). These functions will not be directly callable after loading.
WARNING:tensorflow:`evaluate()` received a value for `sample_weight`, but `weighted_metrics` were not provided.  Did you mean to pass metrics to `weighted_metrics` in `compile()`?  If this is intentional you can pass `weighted_metrics=[]` to `compile()` in order to silence this warning.
WARNING:tensorflow:`evaluate()` received a value for `sample_weight`, but `weighted_metrics` were not provided.  Did you mean to pass metrics to `weighted_metrics` in `compile()`?  If this is intentional you can pass `weighted_metrics=[]` to `compile()` in order to silence this warning.
WARNING:absl:Found untraced functions such as _update_step_xla, dense_block_layer_call_fn, dense_block_layer_call_and_return_conditional_losses, dense_block_1_layer_call_fn, dense_block_1_layer_call_and_return_conditional_losses while saving (showing 5 of 95). These functions will not be directly callable after loading.
None
Steps per epoch: 1562
