2024-06-02 22:24:46.148320: I tensorflow/core/platform/cpu_feature_guard.cc:193] This TensorFlow binary is optimized with oneAPI Deep Neural Network Library (oneDNN) to use the following CPU instructions in performance-critical operations:  SSE4.1 SSE4.2 AVX AVX2 FMA
To enable them in other operations, rebuild TensorFlow with the appropriate compiler flags.
2024-06-02 22:24:48.373937: I tensorflow/core/platform/cpu_feature_guard.cc:193] This TensorFlow binary is optimized with oneAPI Deep Neural Network Library (oneDNN) to use the following CPU instructions in performance-critical operations:  SSE4.1 SSE4.2 AVX AVX2 FMA
To enable them in other operations, rebuild TensorFlow with the appropriate compiler flags.
2024-06-02 22:24:48.454258: I tensorflow/core/common_runtime/gpu/gpu_device.cc:1613] Created device /job:localhost/replica:0/task:0/device:GPU:0 with 18054 MB memory:  -> device: 0, name: NVIDIA GeForce RTX 3090, pci bus id: 0000:21:00.0, compute capability: 8.6
PhysicalDevice(name='/physical_device:GPU:0', device_type='GPU')
Model: "two_tapes_model"
_________________________________________________________________
 Layer (type)                Output Shape              Param #   
=================================================================
 encoder_block (EncoderBlock  multiple                 1168768   
 )                                                               
                                                                 
 dense_regression (DenseRegr  multiple                 151297    
 ession)                                                         
                                                                 
 dense_regression_1 (DenseRe  multiple                 151297    
 gression)                                                       
                                                                 
=================================================================
Total params: 1,471,366
Trainable params: 1,466,626
Non-trainable params: 4,740
_________________________________________________________________
2024-06-02 22:24:54.822178: I tensorflow/compiler/xla/stream_executor/cuda/cuda_dnn.cc:428] Loaded cuDNN version 8907
2024-06-02 22:24:56.309732: W tensorflow/compiler/xla/stream_executor/gpu/asm_compiler.cc:115] *** WARNING *** You are using ptxas 10.1.243, which is older than 11.1. ptxas before 11.1 is known to miscompile XLA code, leading to incorrect results or invalid-address errors.

You may not need to update to CUDA 11.1; cherry-picking the ptxas binary is often sufficient.
2024-06-02 22:24:56.311776: W tensorflow/compiler/xla/stream_executor/gpu/asm_compiler.cc:234] Falling back to the CUDA driver for PTX compilation; ptxas does not support CC 8.6
2024-06-02 22:24:56.311850: W tensorflow/compiler/xla/stream_executor/gpu/asm_compiler.cc:237] Used ptxas at ptxas
2024-06-02 22:24:56.311991: W tensorflow/compiler/xla/stream_executor/gpu/redzone_allocator.cc:318] UNIMPLEMENTED: ptxas ptxas too old. Falling back to the driver to compile.
Relying on driver to perform ptx compilation. 
Modify $PATH to customize ptxas location.
This message will be only logged once.
2024-06-02 22:24:57.144289: I tensorflow/compiler/xla/stream_executor/cuda/cuda_blas.cc:630] TensorFloat-32 will be used for the matrix multiplication. This will only be logged once.
2024-06-02 22:24:57.182205: I tensorflow/compiler/xla/service/service.cc:173] XLA service 0x7efde9601600 initialized for platform CUDA (this does not guarantee that XLA will be used). Devices:
2024-06-02 22:24:57.182278: I tensorflow/compiler/xla/service/service.cc:181]   StreamExecutor device (0): NVIDIA GeForce RTX 3090, Compute Capability 8.6
2024-06-02 22:24:57.187238: I tensorflow/compiler/mlir/tensorflow/utils/dump_mlir_util.cc:268] disabling MLIR crash reproducer, set env var `MLIR_CRASH_REPRODUCER_DIRECTORY` to enable.
2024-06-02 22:24:57.271845: W tensorflow/compiler/xla/stream_executor/gpu/asm_compiler.cc:115] *** WARNING *** You are using ptxas 10.1.243, which is older than 11.1. ptxas before 11.1 is known to miscompile XLA code, leading to incorrect results or invalid-address errors.

You may not need to update to CUDA 11.1; cherry-picking the ptxas binary is often sufficient.
2024-06-02 22:24:57.276986: I tensorflow/compiler/jit/xla_compilation_cache.cc:477] Compiled cluster using XLA!  This line is logged at most once for the lifetime of the process.
2024-06-02 22:24:57.367156: W tensorflow/compiler/xla/stream_executor/gpu/asm_compiler.cc:115] *** WARNING *** You are using ptxas 10.1.243, which is older than 11.1. ptxas before 11.1 is known to miscompile XLA code, leading to incorrect results or invalid-address errors.

You may not need to update to CUDA 11.1; cherry-picking the ptxas binary is often sufficient.
2024-06-02 22:24:57.710185: W tensorflow/compiler/xla/stream_executor/gpu/asm_compiler.cc:115] *** WARNING *** You are using ptxas 10.1.243, which is older than 11.1. ptxas before 11.1 is known to miscompile XLA code, leading to incorrect results or invalid-address errors.

You may not need to update to CUDA 11.1; cherry-picking the ptxas binary is often sufficient.
2024-06-02 22:24:57.968714: W tensorflow/compiler/xla/stream_executor/gpu/asm_compiler.cc:115] *** WARNING *** You are using ptxas 10.1.243, which is older than 11.1. ptxas before 11.1 is known to miscompile XLA code, leading to incorrect results or invalid-address errors.

You may not need to update to CUDA 11.1; cherry-picking the ptxas binary is often sufficient.
2024-06-02 22:24:58.567235: W tensorflow/compiler/xla/stream_executor/gpu/asm_compiler.cc:115] *** WARNING *** You are using ptxas 10.1.243, which is older than 11.1. ptxas before 11.1 is known to miscompile XLA code, leading to incorrect results or invalid-address errors.

You may not need to update to CUDA 11.1; cherry-picking the ptxas binary is often sufficient.
2024-06-02 22:24:59.577286: W tensorflow/compiler/xla/stream_executor/gpu/asm_compiler.cc:115] *** WARNING *** You are using ptxas 10.1.243, which is older than 11.1. ptxas before 11.1 is known to miscompile XLA code, leading to incorrect results or invalid-address errors.

You may not need to update to CUDA 11.1; cherry-picking the ptxas binary is often sufficient.
2024-06-02 22:25:02.288940: W tensorflow/compiler/xla/stream_executor/gpu/asm_compiler.cc:115] *** WARNING *** You are using ptxas 10.1.243, which is older than 11.1. ptxas before 11.1 is known to miscompile XLA code, leading to incorrect results or invalid-address errors.

You may not need to update to CUDA 11.1; cherry-picking the ptxas binary is often sufficient.
2024-06-02 22:25:03.337637: W tensorflow/compiler/xla/stream_executor/gpu/asm_compiler.cc:115] *** WARNING *** You are using ptxas 10.1.243, which is older than 11.1. ptxas before 11.1 is known to miscompile XLA code, leading to incorrect results or invalid-address errors.

You may not need to update to CUDA 11.1; cherry-picking the ptxas binary is often sufficient.
WARNING:absl:Found untraced functions such as _update_step_xla, dense_block_layer_call_fn, dense_block_layer_call_and_return_conditional_losses, dense_block_1_layer_call_fn, dense_block_1_layer_call_and_return_conditional_losses while saving (showing 5 of 111). These functions will not be directly callable after loading.
WARNING:tensorflow:`evaluate()` received a value for `sample_weight`, but `weighted_metrics` were not provided.  Did you mean to pass metrics to `weighted_metrics` in `compile()`?  If this is intentional you can pass `weighted_metrics=[]` to `compile()` in order to silence this warning.
WARNING:tensorflow:`evaluate()` received a value for `sample_weight`, but `weighted_metrics` were not provided.  Did you mean to pass metrics to `weighted_metrics` in `compile()`?  If this is intentional you can pass `weighted_metrics=[]` to `compile()` in order to silence this warning.
WARNING:absl:Found untraced functions such as _update_step_xla, dense_block_layer_call_fn, dense_block_layer_call_and_return_conditional_losses, dense_block_1_layer_call_fn, dense_block_1_layer_call_and_return_conditional_losses while saving (showing 5 of 111). These functions will not be directly callable after loading.
WARNING:absl:Found untraced functions such as _update_step_xla, dense_block_layer_call_fn, dense_block_layer_call_and_return_conditional_losses, dense_block_1_layer_call_fn, dense_block_1_layer_call_and_return_conditional_losses while saving (showing 5 of 111). These functions will not be directly callable after loading.
WARNING:tensorflow:`evaluate()` received a value for `sample_weight`, but `weighted_metrics` were not provided.  Did you mean to pass metrics to `weighted_metrics` in `compile()`?  If this is intentional you can pass `weighted_metrics=[]` to `compile()` in order to silence this warning.
WARNING:tensorflow:`evaluate()` received a value for `sample_weight`, but `weighted_metrics` were not provided.  Did you mean to pass metrics to `weighted_metrics` in `compile()`?  If this is intentional you can pass `weighted_metrics=[]` to `compile()` in order to silence this warning.
WARNING:absl:Found untraced functions such as _update_step_xla, dense_block_layer_call_fn, dense_block_layer_call_and_return_conditional_losses, dense_block_1_layer_call_fn, dense_block_1_layer_call_and_return_conditional_losses while saving (showing 5 of 111). These functions will not be directly callable after loading.
WARNING:tensorflow:`evaluate()` received a value for `sample_weight`, but `weighted_metrics` were not provided.  Did you mean to pass metrics to `weighted_metrics` in `compile()`?  If this is intentional you can pass `weighted_metrics=[]` to `compile()` in order to silence this warning.
WARNING:tensorflow:`evaluate()` received a value for `sample_weight`, but `weighted_metrics` were not provided.  Did you mean to pass metrics to `weighted_metrics` in `compile()`?  If this is intentional you can pass `weighted_metrics=[]` to `compile()` in order to silence this warning.
WARNING:absl:Found untraced functions such as _update_step_xla, dense_block_layer_call_fn, dense_block_layer_call_and_return_conditional_losses, dense_block_1_layer_call_fn, dense_block_1_layer_call_and_return_conditional_losses while saving (showing 5 of 111). These functions will not be directly callable after loading.
WARNING:absl:Found untraced functions such as _update_step_xla, dense_block_layer_call_fn, dense_block_layer_call_and_return_conditional_losses, dense_block_1_layer_call_fn, dense_block_1_layer_call_and_return_conditional_losses while saving (showing 5 of 111). These functions will not be directly callable after loading.
WARNING:tensorflow:`evaluate()` received a value for `sample_weight`, but `weighted_metrics` were not provided.  Did you mean to pass metrics to `weighted_metrics` in `compile()`?  If this is intentional you can pass `weighted_metrics=[]` to `compile()` in order to silence this warning.
WARNING:tensorflow:`evaluate()` received a value for `sample_weight`, but `weighted_metrics` were not provided.  Did you mean to pass metrics to `weighted_metrics` in `compile()`?  If this is intentional you can pass `weighted_metrics=[]` to `compile()` in order to silence this warning.
WARNING:absl:Found untraced functions such as _update_step_xla, dense_block_layer_call_fn, dense_block_layer_call_and_return_conditional_losses, dense_block_1_layer_call_fn, dense_block_1_layer_call_and_return_conditional_losses while saving (showing 5 of 111). These functions will not be directly callable after loading.
WARNING:absl:Found untraced functions such as _update_step_xla, dense_block_layer_call_fn, dense_block_layer_call_and_return_conditional_losses, dense_block_1_layer_call_fn, dense_block_1_layer_call_and_return_conditional_losses while saving (showing 5 of 111). These functions will not be directly callable after loading.
WARNING:tensorflow:`evaluate()` received a value for `sample_weight`, but `weighted_metrics` were not provided.  Did you mean to pass metrics to `weighted_metrics` in `compile()`?  If this is intentional you can pass `weighted_metrics=[]` to `compile()` in order to silence this warning.
WARNING:tensorflow:`evaluate()` received a value for `sample_weight`, but `weighted_metrics` were not provided.  Did you mean to pass metrics to `weighted_metrics` in `compile()`?  If this is intentional you can pass `weighted_metrics=[]` to `compile()` in order to silence this warning.
WARNING:absl:Found untraced functions such as _update_step_xla, dense_block_layer_call_fn, dense_block_layer_call_and_return_conditional_losses, dense_block_1_layer_call_fn, dense_block_1_layer_call_and_return_conditional_losses while saving (showing 5 of 111). These functions will not be directly callable after loading.
WARNING:tensorflow:`evaluate()` received a value for `sample_weight`, but `weighted_metrics` were not provided.  Did you mean to pass metrics to `weighted_metrics` in `compile()`?  If this is intentional you can pass `weighted_metrics=[]` to `compile()` in order to silence this warning.
WARNING:tensorflow:`evaluate()` received a value for `sample_weight`, but `weighted_metrics` were not provided.  Did you mean to pass metrics to `weighted_metrics` in `compile()`?  If this is intentional you can pass `weighted_metrics=[]` to `compile()` in order to silence this warning.
WARNING:absl:Found untraced functions such as _update_step_xla, dense_block_layer_call_fn, dense_block_layer_call_and_return_conditional_losses, dense_block_1_layer_call_fn, dense_block_1_layer_call_and_return_conditional_losses while saving (showing 5 of 111). These functions will not be directly callable after loading.
WARNING:tensorflow:`evaluate()` received a value for `sample_weight`, but `weighted_metrics` were not provided.  Did you mean to pass metrics to `weighted_metrics` in `compile()`?  If this is intentional you can pass `weighted_metrics=[]` to `compile()` in order to silence this warning.
WARNING:tensorflow:`evaluate()` received a value for `sample_weight`, but `weighted_metrics` were not provided.  Did you mean to pass metrics to `weighted_metrics` in `compile()`?  If this is intentional you can pass `weighted_metrics=[]` to `compile()` in order to silence this warning.
WARNING:absl:Found untraced functions such as _update_step_xla, dense_block_layer_call_fn, dense_block_layer_call_and_return_conditional_losses, dense_block_1_layer_call_fn, dense_block_1_layer_call_and_return_conditional_losses while saving (showing 5 of 111). These functions will not be directly callable after loading.
WARNING:tensorflow:`evaluate()` received a value for `sample_weight`, but `weighted_metrics` were not provided.  Did you mean to pass metrics to `weighted_metrics` in `compile()`?  If this is intentional you can pass `weighted_metrics=[]` to `compile()` in order to silence this warning.
WARNING:tensorflow:`evaluate()` received a value for `sample_weight`, but `weighted_metrics` were not provided.  Did you mean to pass metrics to `weighted_metrics` in `compile()`?  If this is intentional you can pass `weighted_metrics=[]` to `compile()` in order to silence this warning.
WARNING:absl:Found untraced functions such as _update_step_xla, dense_block_layer_call_fn, dense_block_layer_call_and_return_conditional_losses, dense_block_1_layer_call_fn, dense_block_1_layer_call_and_return_conditional_losses while saving (showing 5 of 111). These functions will not be directly callable after loading.
WARNING:tensorflow:`evaluate()` received a value for `sample_weight`, but `weighted_metrics` were not provided.  Did you mean to pass metrics to `weighted_metrics` in `compile()`?  If this is intentional you can pass `weighted_metrics=[]` to `compile()` in order to silence this warning.
WARNING:tensorflow:`evaluate()` received a value for `sample_weight`, but `weighted_metrics` were not provided.  Did you mean to pass metrics to `weighted_metrics` in `compile()`?  If this is intentional you can pass `weighted_metrics=[]` to `compile()` in order to silence this warning.
WARNING:absl:Found untraced functions such as _update_step_xla, dense_block_layer_call_fn, dense_block_layer_call_and_return_conditional_losses, dense_block_1_layer_call_fn, dense_block_1_layer_call_and_return_conditional_losses while saving (showing 5 of 111). These functions will not be directly callable after loading.
WARNING:tensorflow:`evaluate()` received a value for `sample_weight`, but `weighted_metrics` were not provided.  Did you mean to pass metrics to `weighted_metrics` in `compile()`?  If this is intentional you can pass `weighted_metrics=[]` to `compile()` in order to silence this warning.
WARNING:tensorflow:`evaluate()` received a value for `sample_weight`, but `weighted_metrics` were not provided.  Did you mean to pass metrics to `weighted_metrics` in `compile()`?  If this is intentional you can pass `weighted_metrics=[]` to `compile()` in order to silence this warning.
WARNING:absl:Found untraced functions such as _update_step_xla, dense_block_layer_call_fn, dense_block_layer_call_and_return_conditional_losses, dense_block_1_layer_call_fn, dense_block_1_layer_call_and_return_conditional_losses while saving (showing 5 of 111). These functions will not be directly callable after loading.
WARNING:tensorflow:`evaluate()` received a value for `sample_weight`, but `weighted_metrics` were not provided.  Did you mean to pass metrics to `weighted_metrics` in `compile()`?  If this is intentional you can pass `weighted_metrics=[]` to `compile()` in order to silence this warning.
WARNING:tensorflow:`evaluate()` received a value for `sample_weight`, but `weighted_metrics` were not provided.  Did you mean to pass metrics to `weighted_metrics` in `compile()`?  If this is intentional you can pass `weighted_metrics=[]` to `compile()` in order to silence this warning.
WARNING:absl:Found untraced functions such as _update_step_xla, dense_block_layer_call_fn, dense_block_layer_call_and_return_conditional_losses, dense_block_1_layer_call_fn, dense_block_1_layer_call_and_return_conditional_losses while saving (showing 5 of 111). These functions will not be directly callable after loading.
WARNING:tensorflow:`evaluate()` received a value for `sample_weight`, but `weighted_metrics` were not provided.  Did you mean to pass metrics to `weighted_metrics` in `compile()`?  If this is intentional you can pass `weighted_metrics=[]` to `compile()` in order to silence this warning.
WARNING:tensorflow:`evaluate()` received a value for `sample_weight`, but `weighted_metrics` were not provided.  Did you mean to pass metrics to `weighted_metrics` in `compile()`?  If this is intentional you can pass `weighted_metrics=[]` to `compile()` in order to silence this warning.
WARNING:absl:Found untraced functions such as _update_step_xla, dense_block_layer_call_fn, dense_block_layer_call_and_return_conditional_losses, dense_block_1_layer_call_fn, dense_block_1_layer_call_and_return_conditional_losses while saving (showing 5 of 111). These functions will not be directly callable after loading.
WARNING:tensorflow:`evaluate()` received a value for `sample_weight`, but `weighted_metrics` were not provided.  Did you mean to pass metrics to `weighted_metrics` in `compile()`?  If this is intentional you can pass `weighted_metrics=[]` to `compile()` in order to silence this warning.
WARNING:tensorflow:`evaluate()` received a value for `sample_weight`, but `weighted_metrics` were not provided.  Did you mean to pass metrics to `weighted_metrics` in `compile()`?  If this is intentional you can pass `weighted_metrics=[]` to `compile()` in order to silence this warning.
WARNING:absl:Found untraced functions such as _update_step_xla, dense_block_layer_call_fn, dense_block_layer_call_and_return_conditional_losses, dense_block_1_layer_call_fn, dense_block_1_layer_call_and_return_conditional_losses while saving (showing 5 of 111). These functions will not be directly callable after loading.
WARNING:tensorflow:`evaluate()` received a value for `sample_weight`, but `weighted_metrics` were not provided.  Did you mean to pass metrics to `weighted_metrics` in `compile()`?  If this is intentional you can pass `weighted_metrics=[]` to `compile()` in order to silence this warning.
WARNING:tensorflow:`evaluate()` received a value for `sample_weight`, but `weighted_metrics` were not provided.  Did you mean to pass metrics to `weighted_metrics` in `compile()`?  If this is intentional you can pass `weighted_metrics=[]` to `compile()` in order to silence this warning.
WARNING:absl:Found untraced functions such as _update_step_xla, dense_block_layer_call_fn, dense_block_layer_call_and_return_conditional_losses, dense_block_1_layer_call_fn, dense_block_1_layer_call_and_return_conditional_losses while saving (showing 5 of 111). These functions will not be directly callable after loading.
WARNING:tensorflow:`evaluate()` received a value for `sample_weight`, but `weighted_metrics` were not provided.  Did you mean to pass metrics to `weighted_metrics` in `compile()`?  If this is intentional you can pass `weighted_metrics=[]` to `compile()` in order to silence this warning.
WARNING:tensorflow:`evaluate()` received a value for `sample_weight`, but `weighted_metrics` were not provided.  Did you mean to pass metrics to `weighted_metrics` in `compile()`?  If this is intentional you can pass `weighted_metrics=[]` to `compile()` in order to silence this warning.
WARNING:absl:Found untraced functions such as _update_step_xla, dense_block_layer_call_fn, dense_block_layer_call_and_return_conditional_losses, dense_block_1_layer_call_fn, dense_block_1_layer_call_and_return_conditional_losses while saving (showing 5 of 111). These functions will not be directly callable after loading.
WARNING:tensorflow:`evaluate()` received a value for `sample_weight`, but `weighted_metrics` were not provided.  Did you mean to pass metrics to `weighted_metrics` in `compile()`?  If this is intentional you can pass `weighted_metrics=[]` to `compile()` in order to silence this warning.
WARNING:tensorflow:`evaluate()` received a value for `sample_weight`, but `weighted_metrics` were not provided.  Did you mean to pass metrics to `weighted_metrics` in `compile()`?  If this is intentional you can pass `weighted_metrics=[]` to `compile()` in order to silence this warning.
WARNING:absl:Found untraced functions such as _update_step_xla, dense_block_layer_call_fn, dense_block_layer_call_and_return_conditional_losses, dense_block_1_layer_call_fn, dense_block_1_layer_call_and_return_conditional_losses while saving (showing 5 of 111). These functions will not be directly callable after loading.
WARNING:tensorflow:`evaluate()` received a value for `sample_weight`, but `weighted_metrics` were not provided.  Did you mean to pass metrics to `weighted_metrics` in `compile()`?  If this is intentional you can pass `weighted_metrics=[]` to `compile()` in order to silence this warning.
WARNING:tensorflow:`evaluate()` received a value for `sample_weight`, but `weighted_metrics` were not provided.  Did you mean to pass metrics to `weighted_metrics` in `compile()`?  If this is intentional you can pass `weighted_metrics=[]` to `compile()` in order to silence this warning.
WARNING:absl:Found untraced functions such as _update_step_xla, dense_block_layer_call_fn, dense_block_layer_call_and_return_conditional_losses, dense_block_1_layer_call_fn, dense_block_1_layer_call_and_return_conditional_losses while saving (showing 5 of 111). These functions will not be directly callable after loading.
WARNING:tensorflow:`evaluate()` received a value for `sample_weight`, but `weighted_metrics` were not provided.  Did you mean to pass metrics to `weighted_metrics` in `compile()`?  If this is intentional you can pass `weighted_metrics=[]` to `compile()` in order to silence this warning.
WARNING:tensorflow:`evaluate()` received a value for `sample_weight`, but `weighted_metrics` were not provided.  Did you mean to pass metrics to `weighted_metrics` in `compile()`?  If this is intentional you can pass `weighted_metrics=[]` to `compile()` in order to silence this warning.
WARNING:absl:Found untraced functions such as _update_step_xla, dense_block_layer_call_fn, dense_block_layer_call_and_return_conditional_losses, dense_block_1_layer_call_fn, dense_block_1_layer_call_and_return_conditional_losses while saving (showing 5 of 111). These functions will not be directly callable after loading.
WARNING:tensorflow:`evaluate()` received a value for `sample_weight`, but `weighted_metrics` were not provided.  Did you mean to pass metrics to `weighted_metrics` in `compile()`?  If this is intentional you can pass `weighted_metrics=[]` to `compile()` in order to silence this warning.
WARNING:tensorflow:`evaluate()` received a value for `sample_weight`, but `weighted_metrics` were not provided.  Did you mean to pass metrics to `weighted_metrics` in `compile()`?  If this is intentional you can pass `weighted_metrics=[]` to `compile()` in order to silence this warning.
WARNING:absl:Found untraced functions such as _update_step_xla, dense_block_layer_call_fn, dense_block_layer_call_and_return_conditional_losses, dense_block_1_layer_call_fn, dense_block_1_layer_call_and_return_conditional_losses while saving (showing 5 of 111). These functions will not be directly callable after loading.
WARNING:tensorflow:`evaluate()` received a value for `sample_weight`, but `weighted_metrics` were not provided.  Did you mean to pass metrics to `weighted_metrics` in `compile()`?  If this is intentional you can pass `weighted_metrics=[]` to `compile()` in order to silence this warning.
WARNING:tensorflow:`evaluate()` received a value for `sample_weight`, but `weighted_metrics` were not provided.  Did you mean to pass metrics to `weighted_metrics` in `compile()`?  If this is intentional you can pass `weighted_metrics=[]` to `compile()` in order to silence this warning.
WARNING:absl:Found untraced functions such as _update_step_xla, dense_block_layer_call_fn, dense_block_layer_call_and_return_conditional_losses, dense_block_1_layer_call_fn, dense_block_1_layer_call_and_return_conditional_losses while saving (showing 5 of 111). These functions will not be directly callable after loading.
WARNING:tensorflow:`evaluate()` received a value for `sample_weight`, but `weighted_metrics` were not provided.  Did you mean to pass metrics to `weighted_metrics` in `compile()`?  If this is intentional you can pass `weighted_metrics=[]` to `compile()` in order to silence this warning.
WARNING:tensorflow:`evaluate()` received a value for `sample_weight`, but `weighted_metrics` were not provided.  Did you mean to pass metrics to `weighted_metrics` in `compile()`?  If this is intentional you can pass `weighted_metrics=[]` to `compile()` in order to silence this warning.
WARNING:absl:Found untraced functions such as _update_step_xla, dense_block_layer_call_fn, dense_block_layer_call_and_return_conditional_losses, dense_block_1_layer_call_fn, dense_block_1_layer_call_and_return_conditional_losses while saving (showing 5 of 111). These functions will not be directly callable after loading.
WARNING:tensorflow:`evaluate()` received a value for `sample_weight`, but `weighted_metrics` were not provided.  Did you mean to pass metrics to `weighted_metrics` in `compile()`?  If this is intentional you can pass `weighted_metrics=[]` to `compile()` in order to silence this warning.
WARNING:tensorflow:`evaluate()` received a value for `sample_weight`, but `weighted_metrics` were not provided.  Did you mean to pass metrics to `weighted_metrics` in `compile()`?  If this is intentional you can pass `weighted_metrics=[]` to `compile()` in order to silence this warning.
WARNING:absl:Found untraced functions such as _update_step_xla, dense_block_layer_call_fn, dense_block_layer_call_and_return_conditional_losses, dense_block_1_layer_call_fn, dense_block_1_layer_call_and_return_conditional_losses while saving (showing 5 of 111). These functions will not be directly callable after loading.
WARNING:tensorflow:`evaluate()` received a value for `sample_weight`, but `weighted_metrics` were not provided.  Did you mean to pass metrics to `weighted_metrics` in `compile()`?  If this is intentional you can pass `weighted_metrics=[]` to `compile()` in order to silence this warning.
WARNING:tensorflow:`evaluate()` received a value for `sample_weight`, but `weighted_metrics` were not provided.  Did you mean to pass metrics to `weighted_metrics` in `compile()`?  If this is intentional you can pass `weighted_metrics=[]` to `compile()` in order to silence this warning.
WARNING:absl:Found untraced functions such as _update_step_xla, dense_block_layer_call_fn, dense_block_layer_call_and_return_conditional_losses, dense_block_1_layer_call_fn, dense_block_1_layer_call_and_return_conditional_losses while saving (showing 5 of 111). These functions will not be directly callable after loading.
WARNING:tensorflow:`evaluate()` received a value for `sample_weight`, but `weighted_metrics` were not provided.  Did you mean to pass metrics to `weighted_metrics` in `compile()`?  If this is intentional you can pass `weighted_metrics=[]` to `compile()` in order to silence this warning.
WARNING:tensorflow:`evaluate()` received a value for `sample_weight`, but `weighted_metrics` were not provided.  Did you mean to pass metrics to `weighted_metrics` in `compile()`?  If this is intentional you can pass `weighted_metrics=[]` to `compile()` in order to silence this warning.
WARNING:absl:Found untraced functions such as _update_step_xla, dense_block_layer_call_fn, dense_block_layer_call_and_return_conditional_losses, dense_block_1_layer_call_fn, dense_block_1_layer_call_and_return_conditional_losses while saving (showing 5 of 111). These functions will not be directly callable after loading.
None
Steps per epoch: 39062
